0 info it worked if it ends with ok
1 verbose cli [ '/usr/bin/node',
1 verbose cli   '/usr/bin/npm',
1 verbose cli   'install',
1 verbose cli   '--save',
1 verbose cli   'multi-hashing' ]
2 info using npm@3.5.2
3 info using node@v8.10.0
4 silly loadCurrentTree Starting
5 silly install loadCurrentTree
6 silly install readLocalPackageData
7 silly fetchPackageMetaData multi-hashing
8 silly fetchNamedPackageData multi-hashing
9 silly mapToRegistry name multi-hashing
10 silly mapToRegistry using default registry
11 silly mapToRegistry registry https://registry.npmjs.org/
12 silly mapToRegistry uri https://registry.npmjs.org/multi-hashing
13 verbose request uri https://registry.npmjs.org/multi-hashing
14 verbose request no auth needed
15 info attempt registry request try #1 at 2:00:55 AM
16 verbose request id d86e96ba2cda88b3
17 verbose etag W/"f6172bdf7b0ba488b60d168a99890f55"
18 verbose lastModified Sun, 27 May 2018 08:46:10 GMT
19 http request GET https://registry.npmjs.org/multi-hashing
20 http 304 https://registry.npmjs.org/multi-hashing
21 verbose headers { date: 'Sun, 13 Oct 2019 02:00:58 GMT',
21 verbose headers   connection: 'keep-alive',
21 verbose headers   'set-cookie':
21 verbose headers    [ '__cfduid=dff33faeacedafbc8dc35a20bc51ddeb01570932058; expires=Mon, 12-Oct-20 02:00:58 GMT; path=/; domain=.npmjs.org; HttpOnly' ],
21 verbose headers   'cf-cache-status': 'HIT',
21 verbose headers   'cache-control': 'max-age=300',
21 verbose headers   'cf-ray': '524db9148c64cacc-YYZ',
21 verbose headers   age: '72',
21 verbose headers   etag: '"f6172bdf7b0ba488b60d168a99890f55"',
21 verbose headers   'expect-ct': 'max-age=604800, report-uri="https://report-uri.cloudflare.com/cdn-cgi/beacon/expect-ct"',
21 verbose headers   'last-modified': 'Sun, 27 May 2018 08:46:10 GMT',
21 verbose headers   vary: 'accept-encoding, accept',
21 verbose headers   server: 'cloudflare' }
22 silly get cb [ 304,
22 silly get   { date: 'Sun, 13 Oct 2019 02:00:58 GMT',
22 silly get     connection: 'keep-alive',
22 silly get     'set-cookie':
22 silly get      [ '__cfduid=dff33faeacedafbc8dc35a20bc51ddeb01570932058; expires=Mon, 12-Oct-20 02:00:58 GMT; path=/; domain=.npmjs.org; HttpOnly' ],
22 silly get     'cf-cache-status': 'HIT',
22 silly get     'cache-control': 'max-age=300',
22 silly get     'cf-ray': '524db9148c64cacc-YYZ',
22 silly get     age: '72',
22 silly get     etag: '"f6172bdf7b0ba488b60d168a99890f55"',
22 silly get     'expect-ct': 'max-age=604800, report-uri="https://report-uri.cloudflare.com/cdn-cgi/beacon/expect-ct"',
22 silly get     'last-modified': 'Sun, 27 May 2018 08:46:10 GMT',
22 silly get     vary: 'accept-encoding, accept',
22 silly get     server: 'cloudflare' } ]
23 verbose etag https://registry.npmjs.org/multi-hashing from cache
24 verbose get saving multi-hashing to /root/.npm/registry.npmjs.org/multi-hashing/.cache.json
25 silly install normalizeTree
26 silly loadCurrentTree Finishing
27 silly loadIdealTree Starting
28 silly install loadIdealTree
29 silly cloneCurrentTree Starting
30 silly install cloneCurrentTreeToIdealTree
31 silly cloneCurrentTree Finishing
32 silly loadShrinkwrap Starting
33 silly install loadShrinkwrap
34 silly loadShrinkwrap Finishing
35 silly loadAllDepsIntoIdealTree Starting
36 silly install loadAllDepsIntoIdealTree
37 silly resolveWithNewModule multi-hashing@0.0.4 checking installable status
38 silly cache add args [ 'multi-hashing', null ]
39 verbose cache add spec multi-hashing
40 silly cache add parsed spec Result {
40 silly cache add   raw: 'multi-hashing',
40 silly cache add   scope: null,
40 silly cache add   name: 'multi-hashing',
40 silly cache add   rawSpec: '',
40 silly cache add   spec: 'latest',
40 silly cache add   type: 'tag' }
41 silly addNamed multi-hashing@latest
42 verbose addNamed "latest" is being treated as a dist-tag for multi-hashing
43 info addNameTag [ 'multi-hashing', 'latest' ]
44 silly mapToRegistry name multi-hashing
45 silly mapToRegistry using default registry
46 silly mapToRegistry registry https://registry.npmjs.org/
47 silly mapToRegistry uri https://registry.npmjs.org/multi-hashing
48 verbose addNameTag registry:https://registry.npmjs.org/multi-hashing not in flight; fetching
49 verbose get https://registry.npmjs.org/multi-hashing not expired, no request
50 silly addNameTag next cb for multi-hashing with tag latest
51 silly addNamed multi-hashing@0.0.4
52 verbose addNamed "0.0.4" is a plain semver version for multi-hashing
53 silly cache afterAdd multi-hashing@0.0.4
54 verbose afterAdd /root/.npm/multi-hashing/0.0.4/package/package.json not in flight; writing
55 verbose afterAdd /root/.npm/multi-hashing/0.0.4/package/package.json written
56 silly fetchNamedPackageData fsevents
57 silly mapToRegistry name fsevents
58 silly mapToRegistry using default registry
59 silly mapToRegistry registry https://registry.npmjs.org/
60 silly mapToRegistry uri https://registry.npmjs.org/fsevents
61 verbose request uri https://registry.npmjs.org/fsevents
62 verbose request no auth needed
63 info attempt registry request try #1 at 2:00:57 AM
64 verbose etag W/"6982f0142b52852b8b14451413449d01"
65 verbose lastModified Tue, 01 Oct 2019 00:52:13 GMT
66 http request GET https://registry.npmjs.org/fsevents
67 http 304 https://registry.npmjs.org/fsevents
68 verbose headers { date: 'Sun, 13 Oct 2019 02:01:00 GMT',
68 verbose headers   connection: 'keep-alive',
68 verbose headers   'set-cookie':
68 verbose headers    [ '__cfduid=df5e0810c44ae2aa3a7b213af8c98d3b21570932060; expires=Mon, 12-Oct-20 02:01:00 GMT; path=/; domain=.npmjs.org; HttpOnly' ],
68 verbose headers   'cf-cache-status': 'HIT',
68 verbose headers   'cache-control': 'max-age=300',
68 verbose headers   'cf-ray': '524db920b9c1cacc-YYZ',
68 verbose headers   age: '2640',
68 verbose headers   etag: '"6982f0142b52852b8b14451413449d01"',
68 verbose headers   'expect-ct': 'max-age=604800, report-uri="https://report-uri.cloudflare.com/cdn-cgi/beacon/expect-ct"',
68 verbose headers   'last-modified': 'Tue, 01 Oct 2019 00:52:13 GMT',
68 verbose headers   vary: 'accept-encoding, accept',
68 verbose headers   'x-amz-meta-rev': '164-1d5a2dc7c6d891b2c291c4688565c33e',
68 verbose headers   server: 'cloudflare' }
69 silly get cb [ 304,
69 silly get   { date: 'Sun, 13 Oct 2019 02:01:00 GMT',
69 silly get     connection: 'keep-alive',
69 silly get     'set-cookie':
69 silly get      [ '__cfduid=df5e0810c44ae2aa3a7b213af8c98d3b21570932060; expires=Mon, 12-Oct-20 02:01:00 GMT; path=/; domain=.npmjs.org; HttpOnly' ],
69 silly get     'cf-cache-status': 'HIT',
69 silly get     'cache-control': 'max-age=300',
69 silly get     'cf-ray': '524db920b9c1cacc-YYZ',
69 silly get     age: '2640',
69 silly get     etag: '"6982f0142b52852b8b14451413449d01"',
69 silly get     'expect-ct': 'max-age=604800, report-uri="https://report-uri.cloudflare.com/cdn-cgi/beacon/expect-ct"',
69 silly get     'last-modified': 'Tue, 01 Oct 2019 00:52:13 GMT',
69 silly get     vary: 'accept-encoding, accept',
69 silly get     'x-amz-meta-rev': '164-1d5a2dc7c6d891b2c291c4688565c33e',
69 silly get     server: 'cloudflare' } ]
70 verbose etag https://registry.npmjs.org/fsevents from cache
71 verbose get saving fsevents to /root/.npm/registry.npmjs.org/fsevents/.cache.json
72 silly resolveWithNewModule fsevents@1.2.9 checking installable status
73 silly loadAllDepsIntoIdealTree Finishing
74 silly idealTree:prePrune emerald@1.0.0
74 silly idealTree:prePrune +-- @babel/code-frame@7.5.5
74 silly idealTree:prePrune +-- @babel/highlight@7.5.0
74 silly idealTree:prePrune +-- @types/connect@3.4.32
74 silly idealTree:prePrune +-- @types/express-serve-static-core@4.16.9
74 silly idealTree:prePrune +-- @types/lodash@4.14.141
74 silly idealTree:prePrune +-- @types/node@12.7.8
74 silly idealTree:prePrune +-- @types/range-parser@1.2.3
74 silly idealTree:prePrune +-- abbrev@1.1.1
74 silly idealTree:prePrune +-- accepts@1.3.7
74 silly idealTree:prePrune +-- acorn-jsx@5.0.2
74 silly idealTree:prePrune +-- acorn@7.1.0
74 silly idealTree:prePrune +-- ajv@6.10.2
74 silly idealTree:prePrune +-- amqplib@0.5.5
74 silly idealTree:prePrune | +-- isarray@0.0.1
74 silly idealTree:prePrune | +-- readable-stream@1.1.14
74 silly idealTree:prePrune | +-- safe-buffer@5.1.2
74 silly idealTree:prePrune | `-- string_decoder@0.10.31
74 silly idealTree:prePrune +-- ansi-align@2.0.0
74 silly idealTree:prePrune | +-- ansi-regex@3.0.0
74 silly idealTree:prePrune | +-- is-fullwidth-code-point@2.0.0
74 silly idealTree:prePrune | +-- string-width@2.1.1
74 silly idealTree:prePrune | `-- strip-ansi@4.0.0
74 silly idealTree:prePrune +-- ansi-colors@3.2.3
74 silly idealTree:prePrune +-- ansi-escapes@3.2.0
74 silly idealTree:prePrune +-- ansi-regex@2.1.1
74 silly idealTree:prePrune +-- ansi-styles@3.2.1
74 silly idealTree:prePrune +-- ansicolors@0.3.2
74 silly idealTree:prePrune +-- ansistyles@0.1.3
74 silly idealTree:prePrune +-- anymatch@2.0.0
74 silly idealTree:prePrune | `-- normalize-path@2.1.1
74 silly idealTree:prePrune +-- app-module-path@2.2.0
74 silly idealTree:prePrune +-- aproba@1.2.0
74 silly idealTree:prePrune +-- are-we-there-yet@1.1.5
74 silly idealTree:prePrune +-- argparse@1.0.10
74 silly idealTree:prePrune +-- arr-diff@4.0.0
74 silly idealTree:prePrune +-- arr-flatten@1.1.0
74 silly idealTree:prePrune +-- arr-union@3.1.0
74 silly idealTree:prePrune +-- array-flatten@1.1.1
74 silly idealTree:prePrune +-- array-unique@0.3.2
74 silly idealTree:prePrune +-- assertion-error@1.1.0
74 silly idealTree:prePrune +-- assign-symbols@1.0.0
74 silly idealTree:prePrune +-- astral-regex@1.0.0
74 silly idealTree:prePrune +-- async-each@1.0.3
74 silly idealTree:prePrune +-- async@1.5.2
74 silly idealTree:prePrune +-- atob@2.1.2
74 silly idealTree:prePrune +-- axios@0.19.0
74 silly idealTree:prePrune +-- balanced-match@1.0.0
74 silly idealTree:prePrune +-- base@0.11.2
74 silly idealTree:prePrune | +-- define-property@1.0.0
74 silly idealTree:prePrune | +-- is-accessor-descriptor@1.0.0
74 silly idealTree:prePrune | +-- is-data-descriptor@1.0.0
74 silly idealTree:prePrune | `-- is-descriptor@1.0.2
74 silly idealTree:prePrune +-- bignum@0.13.0
74 silly idealTree:prePrune | +-- bindings@1.3.1
74 silly idealTree:prePrune | +-- nan@2.10.0
74 silly idealTree:prePrune | `-- safe-buffer@5.1.2
74 silly idealTree:prePrune +-- binary-extensions@1.13.1
74 silly idealTree:prePrune +-- bindings@1.5.0
74 silly idealTree:prePrune +-- bitsyntax@0.1.0
74 silly idealTree:prePrune | +-- debug@2.6.9
74 silly idealTree:prePrune | `-- safe-buffer@5.1.2
74 silly idealTree:prePrune +-- bl@1.2.2
74 silly idealTree:prePrune +-- bluebird@3.5.5
74 silly idealTree:prePrune +-- body-parser@1.19.0
74 silly idealTree:prePrune | `-- debug@2.6.9
74 silly idealTree:prePrune +-- boxen@1.3.0
74 silly idealTree:prePrune | +-- ansi-regex@3.0.0
74 silly idealTree:prePrune | +-- camelcase@4.1.0
74 silly idealTree:prePrune | +-- is-fullwidth-code-point@2.0.0
74 silly idealTree:prePrune | +-- string-width@2.1.1
74 silly idealTree:prePrune | `-- strip-ansi@4.0.0
74 silly idealTree:prePrune +-- brace-expansion@1.1.11
74 silly idealTree:prePrune +-- braces@2.3.2
74 silly idealTree:prePrune | `-- extend-shallow@2.0.1
74 silly idealTree:prePrune +-- browser-stdout@1.3.1
74 silly idealTree:prePrune +-- buffer-alloc-unsafe@1.1.0
74 silly idealTree:prePrune +-- buffer-alloc@1.2.0
74 silly idealTree:prePrune +-- buffer-equal-constant-time@1.0.1
74 silly idealTree:prePrune +-- buffer-fill@1.0.0
74 silly idealTree:prePrune +-- buffer-more-ints@1.0.0
74 silly idealTree:prePrune +-- bunyan-formatter@1.0.0
74 silly idealTree:prePrune +-- bunyan@1.8.12
74 silly idealTree:prePrune +-- bytes@3.1.0
74 silly idealTree:prePrune +-- cache-base@1.0.1
74 silly idealTree:prePrune +-- callsites@3.1.0
74 silly idealTree:prePrune +-- camelcase@2.1.1
74 silly idealTree:prePrune +-- capture-stack-trace@1.0.1
74 silly idealTree:prePrune +-- chai-as-promised@7.1.1
74 silly idealTree:prePrune +-- chai-string@1.5.0
74 silly idealTree:prePrune +-- chai@4.2.0
74 silly idealTree:prePrune +-- chalk@2.4.2
74 silly idealTree:prePrune +-- chardet@0.7.0
74 silly idealTree:prePrune +-- check-error@1.0.2
74 silly idealTree:prePrune +-- chokidar@2.1.8
74 silly idealTree:prePrune | `-- glob-parent@3.1.0
74 silly idealTree:prePrune |   `-- is-glob@3.1.0
74 silly idealTree:prePrune +-- chownr@1.1.3
74 silly idealTree:prePrune +-- ci-info@1.6.0
74 silly idealTree:prePrune +-- class-utils@0.3.6
74 silly idealTree:prePrune | `-- define-property@0.2.5
74 silly idealTree:prePrune +-- cli-boxes@1.0.0
74 silly idealTree:prePrune +-- cli-cursor@2.1.0
74 silly idealTree:prePrune +-- cli-width@2.2.0
74 silly idealTree:prePrune +-- cliui@3.2.0
74 silly idealTree:prePrune +-- code-point-at@1.1.0
74 silly idealTree:prePrune +-- collection-visit@1.0.0
74 silly idealTree:prePrune +-- color-convert@1.9.3
74 silly idealTree:prePrune +-- color-name@1.1.3
74 silly idealTree:prePrune +-- commander@2.20.0
74 silly idealTree:prePrune +-- component-emitter@1.3.0
74 silly idealTree:prePrune +-- concat-map@0.0.1
74 silly idealTree:prePrune +-- configstore@3.1.2
74 silly idealTree:prePrune +-- console-control-strings@1.1.0
74 silly idealTree:prePrune +-- content-disposition@0.5.3
74 silly idealTree:prePrune | `-- safe-buffer@5.1.2
74 silly idealTree:prePrune +-- content-type@1.0.4
74 silly idealTree:prePrune +-- cookie-signature@1.0.6
74 silly idealTree:prePrune +-- cookie@0.4.0
74 silly idealTree:prePrune +-- copy-descriptor@0.1.1
74 silly idealTree:prePrune +-- core-util-is@1.0.2
74 silly idealTree:prePrune +-- create-error-class@3.0.2
74 silly idealTree:prePrune +-- cross-spawn@6.0.5
74 silly idealTree:prePrune | `-- semver@5.7.1
74 silly idealTree:prePrune +-- crypto-random-string@1.0.0
74 silly idealTree:prePrune +-- cryptonight-hashing@3.0.5
74 silly idealTree:prePrune +-- cryptonote-util@0.0.1
74 silly idealTree:prePrune +-- dateformat@3.0.3
74 silly idealTree:prePrune +-- debug@3.1.0
74 silly idealTree:prePrune +-- decamelize@1.2.0
74 silly idealTree:prePrune +-- decode-uri-component@0.2.0
74 silly idealTree:prePrune +-- decompress-response@3.3.0
74 silly idealTree:prePrune +-- deep-eql@3.0.1
74 silly idealTree:prePrune +-- deep-extend@0.6.0
74 silly idealTree:prePrune +-- deep-is@0.1.3
74 silly idealTree:prePrune +-- define-properties@1.1.3
74 silly idealTree:prePrune +-- define-property@2.0.2
74 silly idealTree:prePrune | +-- is-accessor-descriptor@1.0.0
74 silly idealTree:prePrune | +-- is-data-descriptor@1.0.0
74 silly idealTree:prePrune | `-- is-descriptor@1.0.2
74 silly idealTree:prePrune +-- delegates@1.0.0
74 silly idealTree:prePrune +-- depd@1.1.2
74 silly idealTree:prePrune +-- destroy@1.0.4
74 silly idealTree:prePrune +-- detect-libc@1.0.3
74 silly idealTree:prePrune +-- diff@3.5.0
74 silly idealTree:prePrune +-- doctrine@3.0.0
74 silly idealTree:prePrune +-- dot-prop@4.2.0
74 silly idealTree:prePrune +-- double-ended-queue@2.1.0-0
74 silly idealTree:prePrune +-- dtrace-provider@0.8.8
74 silly idealTree:prePrune +-- duplexer3@0.1.4
74 silly idealTree:prePrune +-- ecdsa-sig-formatter@1.0.11
74 silly idealTree:prePrune +-- ee-first@1.1.1
74 silly idealTree:prePrune +-- egads@1.0.2
74 silly idealTree:prePrune +-- emoji-regex@7.0.3
74 silly idealTree:prePrune +-- encodeurl@1.0.2
74 silly idealTree:prePrune +-- end-of-stream@1.4.4
74 silly idealTree:prePrune +-- es-abstract@1.14.2
74 silly idealTree:prePrune +-- es-to-primitive@1.2.0
74 silly idealTree:prePrune +-- es6-promise@4.2.8
74 silly idealTree:prePrune +-- es6-promisify@5.0.0
74 silly idealTree:prePrune +-- escape-html@1.0.3
74 silly idealTree:prePrune +-- escape-string-regexp@1.0.5
74 silly idealTree:prePrune +-- eslint-config-google@0.13.0
74 silly idealTree:prePrune +-- eslint-scope@5.0.0
74 silly idealTree:prePrune +-- eslint-utils@1.4.2
74 silly idealTree:prePrune +-- eslint-visitor-keys@1.1.0
74 silly idealTree:prePrune +-- eslint@6.4.0
74 silly idealTree:prePrune | +-- ansi-regex@4.1.0
74 silly idealTree:prePrune | +-- debug@4.1.1
74 silly idealTree:prePrune | +-- ms@2.1.2
74 silly idealTree:prePrune | `-- strip-ansi@5.2.0
74 silly idealTree:prePrune +-- espree@6.1.1
74 silly idealTree:prePrune +-- esprima@4.0.1
74 silly idealTree:prePrune +-- esquery@1.0.1
74 silly idealTree:prePrune +-- esrecurse@4.2.1
74 silly idealTree:prePrune +-- estraverse@4.3.0
74 silly idealTree:prePrune +-- esutils@2.0.3
74 silly idealTree:prePrune +-- etag@1.8.1
74 silly idealTree:prePrune +-- execa@1.0.0
74 silly idealTree:prePrune +-- expand-brackets@2.1.4
74 silly idealTree:prePrune | +-- debug@2.6.9
74 silly idealTree:prePrune | +-- define-property@0.2.5
74 silly idealTree:prePrune | `-- extend-shallow@2.0.1
74 silly idealTree:prePrune +-- expand-template@1.1.1
74 silly idealTree:prePrune +-- express@4.17.1
74 silly idealTree:prePrune | +-- debug@2.6.9
74 silly idealTree:prePrune | `-- safe-buffer@5.1.2
74 silly idealTree:prePrune +-- extend-shallow@3.0.2
74 silly idealTree:prePrune | `-- is-extendable@1.0.1
74 silly idealTree:prePrune +-- external-editor@3.1.0
74 silly idealTree:prePrune +-- extglob@2.0.4
74 silly idealTree:prePrune | +-- define-property@1.0.0
74 silly idealTree:prePrune | +-- extend-shallow@2.0.1
74 silly idealTree:prePrune | +-- is-accessor-descriptor@1.0.0
74 silly idealTree:prePrune | +-- is-data-descriptor@1.0.0
74 silly idealTree:prePrune | `-- is-descriptor@1.0.2
74 silly idealTree:prePrune +-- eyes@0.1.8
74 silly idealTree:prePrune +-- fast-deep-equal@2.0.1
74 silly idealTree:prePrune +-- fast-json-stable-stringify@2.0.0
74 silly idealTree:prePrune +-- fast-levenshtein@2.0.6
74 silly idealTree:prePrune +-- figures@2.0.0
74 silly idealTree:prePrune +-- file-entry-cache@5.0.1
74 silly idealTree:prePrune +-- file-uri-to-path@1.0.0
74 silly idealTree:prePrune +-- fill-range@4.0.0
74 silly idealTree:prePrune | `-- extend-shallow@2.0.1
74 silly idealTree:prePrune +-- finalhandler@1.1.2
74 silly idealTree:prePrune | `-- debug@2.6.9
74 silly idealTree:prePrune +-- find-up@3.0.0
74 silly idealTree:prePrune +-- flat-cache@2.0.1
74 silly idealTree:prePrune | +-- glob@7.1.4
74 silly idealTree:prePrune | `-- rimraf@2.6.3
74 silly idealTree:prePrune +-- flat@4.1.0
74 silly idealTree:prePrune +-- flatted@2.0.1
74 silly idealTree:prePrune +-- follow-redirects@1.5.10
74 silly idealTree:prePrune +-- for-in@1.0.2
74 silly idealTree:prePrune +-- forwarded@0.1.2
74 silly idealTree:prePrune +-- fragment-cache@0.2.1
74 silly idealTree:prePrune +-- fresh@0.5.2
74 silly idealTree:prePrune +-- fs-constants@1.0.0
74 silly idealTree:prePrune +-- fs.realpath@1.0.0
74 silly idealTree:prePrune +-- function-bind@1.1.1
74 silly idealTree:prePrune +-- functional-red-black-tree@1.0.1
74 silly idealTree:prePrune +-- gauge@2.7.4
74 silly idealTree:prePrune +-- get-caller-file@2.0.5
74 silly idealTree:prePrune +-- get-func-name@2.0.0
74 silly idealTree:prePrune +-- get-stream@4.1.0
74 silly idealTree:prePrune +-- get-value@2.0.6
74 silly idealTree:prePrune +-- github-from-package@0.0.0
74 silly idealTree:prePrune +-- glob-parent@5.1.0
74 silly idealTree:prePrune +-- glob@6.0.4
74 silly idealTree:prePrune +-- global-dirs@0.1.1
74 silly idealTree:prePrune +-- globals@11.12.0
74 silly idealTree:prePrune +-- got@6.7.1
74 silly idealTree:prePrune | `-- get-stream@3.0.0
74 silly idealTree:prePrune +-- graceful-fs@4.2.2
74 silly idealTree:prePrune +-- growl@1.10.5
74 silly idealTree:prePrune +-- has-flag@3.0.0
74 silly idealTree:prePrune +-- has-symbols@1.0.0
74 silly idealTree:prePrune +-- has-unicode@2.0.1
74 silly idealTree:prePrune +-- has-value@1.0.0
74 silly idealTree:prePrune +-- has-values@1.0.0
74 silly idealTree:prePrune | +-- is-buffer@1.1.6
74 silly idealTree:prePrune | `-- kind-of@4.0.0
74 silly idealTree:prePrune +-- has@1.0.3
74 silly idealTree:prePrune +-- he@1.2.0
74 silly idealTree:prePrune +-- http-errors@1.7.2
74 silly idealTree:prePrune | `-- inherits@2.0.3
74 silly idealTree:prePrune +-- iconv-lite@0.4.24
74 silly idealTree:prePrune +-- ignore-by-default@1.0.1
74 silly idealTree:prePrune +-- ignore@4.0.6
74 silly idealTree:prePrune +-- import-fresh@3.1.0
74 silly idealTree:prePrune +-- import-lazy@2.1.0
74 silly idealTree:prePrune +-- imurmurhash@0.1.4
74 silly idealTree:prePrune +-- inflight@1.0.6
74 silly idealTree:prePrune +-- inherits@2.0.4
74 silly idealTree:prePrune +-- ini@1.3.5
74 silly idealTree:prePrune +-- inquirer@6.5.2
74 silly idealTree:prePrune | +-- ansi-regex@3.0.0
74 silly idealTree:prePrune | +-- is-fullwidth-code-point@2.0.0
74 silly idealTree:prePrune | +-- string-width@2.1.1
74 silly idealTree:prePrune | | `-- strip-ansi@4.0.0
74 silly idealTree:prePrune | `-- strip-ansi@5.2.0
74 silly idealTree:prePrune |   `-- ansi-regex@4.1.0
74 silly idealTree:prePrune +-- invert-kv@1.0.0
74 silly idealTree:prePrune +-- ipaddr.js@1.9.0
74 silly idealTree:prePrune +-- is-accessor-descriptor@0.1.6
74 silly idealTree:prePrune | +-- is-buffer@1.1.6
74 silly idealTree:prePrune | `-- kind-of@3.2.2
74 silly idealTree:prePrune +-- is-binary-path@1.0.1
74 silly idealTree:prePrune +-- is-buffer@2.0.3
74 silly idealTree:prePrune +-- is-callable@1.1.4
74 silly idealTree:prePrune +-- is-ci@1.2.1
74 silly idealTree:prePrune +-- is-data-descriptor@0.1.4
74 silly idealTree:prePrune | +-- is-buffer@1.1.6
74 silly idealTree:prePrune | `-- kind-of@3.2.2
74 silly idealTree:prePrune +-- is-date-object@1.0.1
74 silly idealTree:prePrune +-- is-descriptor@0.1.6
74 silly idealTree:prePrune | `-- kind-of@5.1.0
74 silly idealTree:prePrune +-- is-extendable@0.1.1
74 silly idealTree:prePrune +-- is-extglob@2.1.1
74 silly idealTree:prePrune +-- is-fullwidth-code-point@1.0.0
74 silly idealTree:prePrune +-- is-glob@4.0.1
74 silly idealTree:prePrune +-- is-installed-globally@0.1.0
74 silly idealTree:prePrune +-- is-npm@1.0.0
74 silly idealTree:prePrune +-- is-number@3.0.0
74 silly idealTree:prePrune | +-- is-buffer@1.1.6
74 silly idealTree:prePrune | `-- kind-of@3.2.2
74 silly idealTree:prePrune +-- is-obj@1.0.1
74 silly idealTree:prePrune +-- is-path-inside@1.0.1
74 silly idealTree:prePrune +-- is-plain-object@2.0.4
74 silly idealTree:prePrune +-- is-promise@2.1.0
74 silly idealTree:prePrune +-- is-redirect@1.0.0
74 silly idealTree:prePrune +-- is-regex@1.0.4
74 silly idealTree:prePrune +-- is-retry-allowed@1.2.0
74 silly idealTree:prePrune +-- is-stream@1.1.0
74 silly idealTree:prePrune +-- is-symbol@1.0.2
74 silly idealTree:prePrune +-- is-windows@1.0.2
74 silly idealTree:prePrune +-- isarray@1.0.0
74 silly idealTree:prePrune +-- isexe@2.0.0
74 silly idealTree:prePrune +-- isobject@3.0.1
74 silly idealTree:prePrune +-- jayson@3.1.1
74 silly idealTree:prePrune +-- js-tokens@4.0.0
74 silly idealTree:prePrune +-- js-yaml@3.13.1
74 silly idealTree:prePrune +-- json-schema-traverse@0.4.1
74 silly idealTree:prePrune +-- json-stable-stringify-without-jsonify@1.0.1
74 silly idealTree:prePrune +-- json-stringify-safe@5.0.1
74 silly idealTree:prePrune +-- jsonparse@1.3.1
74 silly idealTree:prePrune +-- JSONStream@1.3.5
74 silly idealTree:prePrune +-- jsonwebtoken@8.5.1
74 silly idealTree:prePrune | +-- ms@2.1.2
74 silly idealTree:prePrune | `-- semver@5.7.1
74 silly idealTree:prePrune +-- jwa@1.4.1
74 silly idealTree:prePrune +-- jws@3.2.2
74 silly idealTree:prePrune +-- kind-of@6.0.2
74 silly idealTree:prePrune +-- latest-version@3.1.0
74 silly idealTree:prePrune +-- lcid@1.0.0
74 silly idealTree:prePrune +-- levn@0.3.0
74 silly idealTree:prePrune +-- locate-path@3.0.0
74 silly idealTree:prePrune +-- lodash.includes@4.3.0
74 silly idealTree:prePrune +-- lodash.isboolean@3.0.3
74 silly idealTree:prePrune +-- lodash.isinteger@4.0.4
74 silly idealTree:prePrune +-- lodash.isnumber@3.0.3
74 silly idealTree:prePrune +-- lodash.isplainobject@4.0.6
74 silly idealTree:prePrune +-- lodash.isstring@4.0.1
74 silly idealTree:prePrune +-- lodash.once@4.1.1
74 silly idealTree:prePrune +-- lodash@4.17.15
74 silly idealTree:prePrune +-- log-symbols@2.2.0
74 silly idealTree:prePrune +-- lowercase-keys@1.0.1
74 silly idealTree:prePrune +-- lru-cache@4.1.5
74 silly idealTree:prePrune +-- make-dir@1.3.0
74 silly idealTree:prePrune +-- map-age-cleaner@0.1.3
74 silly idealTree:prePrune +-- map-cache@0.2.2
74 silly idealTree:prePrune +-- map-visit@1.0.0
74 silly idealTree:prePrune +-- media-typer@0.3.0
74 silly idealTree:prePrune +-- mem@4.3.0
74 silly idealTree:prePrune | `-- mimic-fn@2.1.0
74 silly idealTree:prePrune +-- merge-descriptors@1.0.1
74 silly idealTree:prePrune +-- methods@1.1.2
74 silly idealTree:prePrune +-- micromatch@3.1.10
74 silly idealTree:prePrune +-- mime-db@1.40.0
74 silly idealTree:prePrune +-- mime-types@2.1.24
74 silly idealTree:prePrune +-- mime@1.6.0
74 silly idealTree:prePrune +-- mimic-fn@1.2.0
74 silly idealTree:prePrune +-- mimic-response@1.0.1
74 silly idealTree:prePrune +-- minimatch@3.0.4
74 silly idealTree:prePrune +-- minimist@0.0.8
74 silly idealTree:prePrune +-- mixin-deep@1.3.2
74 silly idealTree:prePrune | `-- is-extendable@1.0.1
74 silly idealTree:prePrune +-- mkdirp@0.5.1
74 silly idealTree:prePrune +-- mocha@6.2.0
74 silly idealTree:prePrune | +-- ansi-regex@3.0.0
74 silly idealTree:prePrune | +-- cliui@4.1.0
74 silly idealTree:prePrune | | `-- string-width@2.1.1
74 silly idealTree:prePrune | +-- debug@3.2.6
74 silly idealTree:prePrune | +-- glob@7.1.3
74 silly idealTree:prePrune | +-- invert-kv@2.0.0
74 silly idealTree:prePrune | +-- is-fullwidth-code-point@2.0.0
74 silly idealTree:prePrune | +-- lcid@2.0.0
74 silly idealTree:prePrune | +-- ms@2.1.1
74 silly idealTree:prePrune | +-- os-locale@3.1.0
74 silly idealTree:prePrune | +-- string-width@3.1.0
74 silly idealTree:prePrune | | +-- ansi-regex@4.1.0
74 silly idealTree:prePrune | | `-- strip-ansi@5.2.0
74 silly idealTree:prePrune | +-- strip-ansi@4.0.0
74 silly idealTree:prePrune | +-- strip-json-comments@2.0.1
74 silly idealTree:prePrune | +-- supports-color@6.0.0
74 silly idealTree:prePrune | +-- y18n@4.0.0
74 silly idealTree:prePrune | `-- yargs@13.2.2
74 silly idealTree:prePrune +-- moment@2.24.0
74 silly idealTree:prePrune +-- ms@2.0.0
74 silly idealTree:prePrune +-- multi-hashing@0.0.4
74 silly idealTree:prePrune +-- mute-stream@0.0.7
74 silly idealTree:prePrune +-- mv@2.1.1
74 silly idealTree:prePrune +-- nan@2.14.0
74 silly idealTree:prePrune +-- nanomatch@1.2.13
74 silly idealTree:prePrune +-- natural-compare@1.4.0
74 silly idealTree:prePrune +-- nconf@0.10.0
74 silly idealTree:prePrune +-- ncp@2.0.0
74 silly idealTree:prePrune +-- negotiator@0.6.2
74 silly idealTree:prePrune +-- nice-try@1.0.5
74 silly idealTree:prePrune +-- node-abi@2.11.0
74 silly idealTree:prePrune | `-- semver@5.7.1
74 silly idealTree:prePrune +-- node-environment-flags@1.0.5
74 silly idealTree:prePrune | `-- semver@5.7.1
74 silly idealTree:prePrune +-- nodemon@1.19.2
74 silly idealTree:prePrune | `-- semver@5.7.1
74 silly idealTree:prePrune +-- noop-logger@0.1.1
74 silly idealTree:prePrune +-- nopt@1.0.10
74 silly idealTree:prePrune +-- normalize-path@3.0.0
74 silly idealTree:prePrune +-- npm-run-path@2.0.2
74 silly idealTree:prePrune +-- npmlog@4.1.2
74 silly idealTree:prePrune +-- number-is-nan@1.0.1
74 silly idealTree:prePrune +-- object-assign@4.1.1
74 silly idealTree:prePrune +-- object-copy@0.1.0
74 silly idealTree:prePrune | +-- define-property@0.2.5
74 silly idealTree:prePrune | +-- is-buffer@1.1.6
74 silly idealTree:prePrune | `-- kind-of@3.2.2
74 silly idealTree:prePrune +-- object-inspect@1.6.0
74 silly idealTree:prePrune +-- object-keys@1.1.1
74 silly idealTree:prePrune +-- object-visit@1.0.1
74 silly idealTree:prePrune +-- object.assign@4.1.0
74 silly idealTree:prePrune +-- object.getownpropertydescriptors@2.0.3
74 silly idealTree:prePrune +-- object.pick@1.3.0
74 silly idealTree:prePrune +-- on-finished@2.3.0
74 silly idealTree:prePrune +-- once@1.4.0
74 silly idealTree:prePrune +-- onetime@2.0.1
74 silly idealTree:prePrune +-- optionator@0.8.2
74 silly idealTree:prePrune +-- os-homedir@1.0.2
74 silly idealTree:prePrune +-- os-locale@1.4.0
74 silly idealTree:prePrune +-- os-tmpdir@1.0.2
74 silly idealTree:prePrune +-- p-defer@1.0.0
74 silly idealTree:prePrune +-- p-finally@1.0.0
74 silly idealTree:prePrune +-- p-is-promise@2.1.0
74 silly idealTree:prePrune +-- p-limit@2.2.1
74 silly idealTree:prePrune +-- p-locate@3.0.0
74 silly idealTree:prePrune +-- p-try@2.2.0
74 silly idealTree:prePrune +-- package-json@4.0.1
74 silly idealTree:prePrune | `-- semver@5.7.1
74 silly idealTree:prePrune +-- parent-module@1.0.1
74 silly idealTree:prePrune +-- parseurl@1.3.3
74 silly idealTree:prePrune +-- pascalcase@0.1.1
74 silly idealTree:prePrune +-- path-dirname@1.0.2
74 silly idealTree:prePrune +-- path-exists@3.0.0
74 silly idealTree:prePrune +-- path-is-absolute@1.0.1
74 silly idealTree:prePrune +-- path-is-inside@1.0.2
74 silly idealTree:prePrune +-- path-key@2.0.1
74 silly idealTree:prePrune +-- path-to-regexp@0.1.7
74 silly idealTree:prePrune +-- path@0.12.7
74 silly idealTree:prePrune +-- pathval@1.1.0
74 silly idealTree:prePrune +-- pify@3.0.0
74 silly idealTree:prePrune +-- posix-character-classes@0.1.1
74 silly idealTree:prePrune +-- prebuild-install@4.0.0
74 silly idealTree:prePrune | +-- minimist@1.2.0
74 silly idealTree:prePrune | `-- pump@2.0.1
74 silly idealTree:prePrune +-- prelude-ls@1.1.2
74 silly idealTree:prePrune +-- prepend-http@1.0.4
74 silly idealTree:prePrune +-- process-nextick-args@2.0.1
74 silly idealTree:prePrune +-- process@0.11.10
74 silly idealTree:prePrune +-- progress@2.0.3
74 silly idealTree:prePrune +-- promise-redis@0.0.5
74 silly idealTree:prePrune +-- proxy-addr@2.0.5
74 silly idealTree:prePrune +-- pseudomap@1.0.2
74 silly idealTree:prePrune +-- pstree.remy@1.1.7
74 silly idealTree:prePrune +-- pump@3.0.0
74 silly idealTree:prePrune +-- punycode@2.1.1
74 silly idealTree:prePrune +-- qs@6.7.0
74 silly idealTree:prePrune +-- querystringify@2.1.1
74 silly idealTree:prePrune +-- range-parser@1.2.1
74 silly idealTree:prePrune +-- raw-body@2.4.0
74 silly idealTree:prePrune +-- rc@1.2.8
74 silly idealTree:prePrune | +-- minimist@1.2.0
74 silly idealTree:prePrune | `-- strip-json-comments@2.0.1
74 silly idealTree:prePrune +-- readable-stream@2.3.6
74 silly idealTree:prePrune | `-- safe-buffer@5.1.2
74 silly idealTree:prePrune +-- readdirp@2.2.1
74 silly idealTree:prePrune +-- redis-commands@1.5.0
74 silly idealTree:prePrune +-- redis-parser@2.6.0
74 silly idealTree:prePrune +-- redis@2.8.0
74 silly idealTree:prePrune +-- regex-not@1.0.2
74 silly idealTree:prePrune +-- regexpp@2.0.1
74 silly idealTree:prePrune +-- registry-auth-token@3.4.0
74 silly idealTree:prePrune +-- registry-url@3.1.0
74 silly idealTree:prePrune +-- remove-trailing-separator@1.1.0
74 silly idealTree:prePrune +-- repeat-element@1.1.3
74 silly idealTree:prePrune +-- repeat-string@1.6.1
74 silly idealTree:prePrune +-- require-directory@2.1.1
74 silly idealTree:prePrune +-- require-main-filename@2.0.0
74 silly idealTree:prePrune +-- requires-port@1.0.0
74 silly idealTree:prePrune +-- resolve-from@4.0.0
74 silly idealTree:prePrune +-- resolve-url@0.2.1
74 silly idealTree:prePrune +-- restore-cursor@2.0.0
74 silly idealTree:prePrune +-- ret@0.1.15
74 silly idealTree:prePrune +-- rimraf@2.4.5
74 silly idealTree:prePrune +-- run-async@2.3.0
74 silly idealTree:prePrune +-- rxjs@6.5.3
74 silly idealTree:prePrune +-- safe-buffer@5.2.0
74 silly idealTree:prePrune +-- safe-json-stringify@1.2.0
74 silly idealTree:prePrune +-- safe-regex@1.1.0
74 silly idealTree:prePrune +-- safer-buffer@2.1.2
74 silly idealTree:prePrune +-- secure-keys@1.0.0
74 silly idealTree:prePrune +-- semver-diff@2.1.0
74 silly idealTree:prePrune | `-- semver@5.7.1
74 silly idealTree:prePrune +-- semver@6.3.0
74 silly idealTree:prePrune +-- send@0.17.1
74 silly idealTree:prePrune | +-- debug@2.6.9
74 silly idealTree:prePrune | | `-- ms@2.0.0
74 silly idealTree:prePrune | `-- ms@2.1.1
74 silly idealTree:prePrune +-- serve-static@1.14.1
74 silly idealTree:prePrune +-- set-blocking@2.0.0
74 silly idealTree:prePrune +-- set-value@2.0.1
74 silly idealTree:prePrune | `-- extend-shallow@2.0.1
74 silly idealTree:prePrune +-- setprototypeof@1.1.1
74 silly idealTree:prePrune +-- shebang-command@1.2.0
74 silly idealTree:prePrune +-- shebang-regex@1.0.0
74 silly idealTree:prePrune +-- signal-exit@3.0.2
74 silly idealTree:prePrune +-- simple-concat@1.0.0
74 silly idealTree:prePrune +-- simple-get@2.8.1
74 silly idealTree:prePrune +-- slice-ansi@2.1.0
74 silly idealTree:prePrune | `-- is-fullwidth-code-point@2.0.0
74 silly idealTree:prePrune +-- snapdragon-node@2.1.1
74 silly idealTree:prePrune | +-- define-property@1.0.0
74 silly idealTree:prePrune | +-- is-accessor-descriptor@1.0.0
74 silly idealTree:prePrune | +-- is-data-descriptor@1.0.0
74 silly idealTree:prePrune | `-- is-descriptor@1.0.2
74 silly idealTree:prePrune +-- snapdragon-util@3.0.1
74 silly idealTree:prePrune | +-- is-buffer@1.1.6
74 silly idealTree:prePrune | `-- kind-of@3.2.2
74 silly idealTree:prePrune +-- snapdragon@0.8.2
74 silly idealTree:prePrune | +-- debug@2.6.9
74 silly idealTree:prePrune | +-- define-property@0.2.5
74 silly idealTree:prePrune | `-- extend-shallow@2.0.1
74 silly idealTree:prePrune +-- source-map-resolve@0.5.2
74 silly idealTree:prePrune +-- source-map-url@0.4.0
74 silly idealTree:prePrune +-- source-map@0.5.7
74 silly idealTree:prePrune +-- split-string@3.1.0
74 silly idealTree:prePrune +-- sprintf-js@1.0.3
74 silly idealTree:prePrune +-- static-extend@0.1.2
74 silly idealTree:prePrune | `-- define-property@0.2.5
74 silly idealTree:prePrune +-- statuses@1.5.0
74 silly idealTree:prePrune +-- string_decoder@1.1.1
74 silly idealTree:prePrune | `-- safe-buffer@5.1.2
74 silly idealTree:prePrune +-- string-width@1.0.2
74 silly idealTree:prePrune +-- string.prototype.trimleft@2.1.0
74 silly idealTree:prePrune +-- string.prototype.trimright@2.1.0
74 silly idealTree:prePrune +-- strip-ansi@3.0.1
74 silly idealTree:prePrune +-- strip-eof@1.0.0
74 silly idealTree:prePrune +-- strip-json-comments@3.0.1
74 silly idealTree:prePrune +-- supports-color@5.5.0
74 silly idealTree:prePrune +-- table@5.4.6
74 silly idealTree:prePrune | +-- ansi-regex@4.1.0
74 silly idealTree:prePrune | +-- is-fullwidth-code-point@2.0.0
74 silly idealTree:prePrune | +-- string-width@3.1.0
74 silly idealTree:prePrune | `-- strip-ansi@5.2.0
74 silly idealTree:prePrune +-- tar-fs@1.16.3
74 silly idealTree:prePrune | `-- pump@1.0.3
74 silly idealTree:prePrune +-- tar-stream@1.6.2
74 silly idealTree:prePrune +-- term-size@1.2.0
74 silly idealTree:prePrune | +-- cross-spawn@5.1.0
74 silly idealTree:prePrune | +-- execa@0.7.0
74 silly idealTree:prePrune | `-- get-stream@3.0.0
74 silly idealTree:prePrune +-- text-table@0.2.0
74 silly idealTree:prePrune +-- through@2.3.8
74 silly idealTree:prePrune +-- timed-out@4.0.1
74 silly idealTree:prePrune +-- tmp@0.0.33
74 silly idealTree:prePrune +-- to-buffer@1.1.1
74 silly idealTree:prePrune +-- to-object-path@0.3.0
74 silly idealTree:prePrune | +-- is-buffer@1.1.6
74 silly idealTree:prePrune | `-- kind-of@3.2.2
74 silly idealTree:prePrune +-- to-regex-range@2.1.1
74 silly idealTree:prePrune +-- to-regex@3.0.2
74 silly idealTree:prePrune +-- toidentifier@1.0.0
74 silly idealTree:prePrune +-- touch@3.1.0
74 silly idealTree:prePrune +-- tslib@1.10.0
74 silly idealTree:prePrune +-- tunnel-agent@0.6.0
74 silly idealTree:prePrune +-- type-check@0.3.2
74 silly idealTree:prePrune +-- type-detect@4.0.8
74 silly idealTree:prePrune +-- type-is@1.6.18
74 silly idealTree:prePrune +-- undefsafe@2.0.2
74 silly idealTree:prePrune | `-- debug@2.6.9
74 silly idealTree:prePrune +-- union-value@1.0.1
74 silly idealTree:prePrune +-- unique-string@1.0.0
74 silly idealTree:prePrune +-- unpipe@1.0.0
74 silly idealTree:prePrune +-- unset-value@1.0.0
74 silly idealTree:prePrune | +-- has-value@0.3.1
74 silly idealTree:prePrune | | `-- isobject@2.1.0
74 silly idealTree:prePrune | `-- has-values@0.1.4
74 silly idealTree:prePrune +-- unzip-response@2.0.1
74 silly idealTree:prePrune +-- upath@1.2.0
74 silly idealTree:prePrune +-- update-notifier@2.5.0
74 silly idealTree:prePrune +-- uri-js@4.2.2
74 silly idealTree:prePrune +-- urix@0.1.0
74 silly idealTree:prePrune +-- url-parse-lax@1.0.0
74 silly idealTree:prePrune +-- url-parse@1.4.7
74 silly idealTree:prePrune +-- use@3.1.1
74 silly idealTree:prePrune +-- util-deprecate@1.0.2
74 silly idealTree:prePrune +-- util@0.10.4
74 silly idealTree:prePrune | `-- inherits@2.0.3
74 silly idealTree:prePrune +-- utils-merge@1.0.1
74 silly idealTree:prePrune +-- uuid@3.3.3
74 silly idealTree:prePrune +-- v8-compile-cache@2.1.0
74 silly idealTree:prePrune +-- vary@1.1.2
74 silly idealTree:prePrune +-- which-module@2.0.0
74 silly idealTree:prePrune +-- which-pm-runs@1.0.0
74 silly idealTree:prePrune +-- which@1.3.1
74 silly idealTree:prePrune +-- wide-align@1.1.3
74 silly idealTree:prePrune +-- widest-line@2.0.1
74 silly idealTree:prePrune | +-- ansi-regex@3.0.0
74 silly idealTree:prePrune | +-- is-fullwidth-code-point@2.0.0
74 silly idealTree:prePrune | +-- string-width@2.1.1
74 silly idealTree:prePrune | `-- strip-ansi@4.0.0
74 silly idealTree:prePrune +-- window-size@0.1.4
74 silly idealTree:prePrune +-- wordwrap@1.0.0
74 silly idealTree:prePrune +-- wrap-ansi@2.1.0
74 silly idealTree:prePrune +-- wrappy@1.0.2
74 silly idealTree:prePrune +-- write-file-atomic@2.4.3
74 silly idealTree:prePrune +-- write@1.0.3
74 silly idealTree:prePrune +-- xdg-basedir@3.0.0
74 silly idealTree:prePrune +-- xtend@4.0.2
74 silly idealTree:prePrune +-- y18n@3.2.1
74 silly idealTree:prePrune +-- yallist@2.1.2
74 silly idealTree:prePrune +-- yargs-parser@13.0.0
74 silly idealTree:prePrune | `-- camelcase@5.3.1
74 silly idealTree:prePrune +-- yargs-unparser@1.5.0
74 silly idealTree:prePrune | +-- ansi-regex@3.0.0
74 silly idealTree:prePrune | +-- camelcase@5.3.1
74 silly idealTree:prePrune | +-- cliui@4.1.0
74 silly idealTree:prePrune | +-- get-caller-file@1.0.3
74 silly idealTree:prePrune | +-- invert-kv@2.0.0
74 silly idealTree:prePrune | +-- is-fullwidth-code-point@2.0.0
74 silly idealTree:prePrune | +-- lcid@2.0.0
74 silly idealTree:prePrune | +-- os-locale@3.1.0
74 silly idealTree:prePrune | +-- require-main-filename@1.0.1
74 silly idealTree:prePrune | +-- string-width@2.1.1
74 silly idealTree:prePrune | +-- strip-ansi@4.0.0
74 silly idealTree:prePrune | +-- yargs-parser@11.1.1
74 silly idealTree:prePrune | `-- yargs@12.0.5
74 silly idealTree:prePrune `-- yargs@3.32.0
75 silly loadIdealTree Finishing
76 silly currentTree emerald@1.0.0
76 silly currentTree +-- @babel/code-frame@7.5.5
76 silly currentTree +-- @babel/highlight@7.5.0
76 silly currentTree +-- @types/connect@3.4.32
76 silly currentTree +-- @types/express-serve-static-core@4.16.9
76 silly currentTree +-- @types/lodash@4.14.141
76 silly currentTree +-- @types/node@12.7.8
76 silly currentTree +-- @types/range-parser@1.2.3
76 silly currentTree +-- abbrev@1.1.1
76 silly currentTree +-- accepts@1.3.7
76 silly currentTree +-- acorn-jsx@5.0.2
76 silly currentTree +-- acorn@7.1.0
76 silly currentTree +-- ajv@6.10.2
76 silly currentTree +-- amqplib@0.5.5
76 silly currentTree | +-- isarray@0.0.1
76 silly currentTree | +-- readable-stream@1.1.14
76 silly currentTree | +-- safe-buffer@5.1.2
76 silly currentTree | `-- string_decoder@0.10.31
76 silly currentTree +-- ansi-align@2.0.0
76 silly currentTree | +-- ansi-regex@3.0.0
76 silly currentTree | +-- is-fullwidth-code-point@2.0.0
76 silly currentTree | +-- string-width@2.1.1
76 silly currentTree | `-- strip-ansi@4.0.0
76 silly currentTree +-- ansi-colors@3.2.3
76 silly currentTree +-- ansi-escapes@3.2.0
76 silly currentTree +-- ansi-regex@2.1.1
76 silly currentTree +-- ansi-styles@3.2.1
76 silly currentTree +-- ansicolors@0.3.2
76 silly currentTree +-- ansistyles@0.1.3
76 silly currentTree +-- anymatch@2.0.0
76 silly currentTree | `-- normalize-path@2.1.1
76 silly currentTree +-- app-module-path@2.2.0
76 silly currentTree +-- aproba@1.2.0
76 silly currentTree +-- are-we-there-yet@1.1.5
76 silly currentTree +-- argparse@1.0.10
76 silly currentTree +-- arr-diff@4.0.0
76 silly currentTree +-- arr-flatten@1.1.0
76 silly currentTree +-- arr-union@3.1.0
76 silly currentTree +-- array-flatten@1.1.1
76 silly currentTree +-- array-unique@0.3.2
76 silly currentTree +-- assertion-error@1.1.0
76 silly currentTree +-- assign-symbols@1.0.0
76 silly currentTree +-- astral-regex@1.0.0
76 silly currentTree +-- async-each@1.0.3
76 silly currentTree +-- async@1.5.2
76 silly currentTree +-- atob@2.1.2
76 silly currentTree +-- axios@0.19.0
76 silly currentTree +-- balanced-match@1.0.0
76 silly currentTree +-- base@0.11.2
76 silly currentTree | +-- define-property@1.0.0
76 silly currentTree | +-- is-accessor-descriptor@1.0.0
76 silly currentTree | +-- is-data-descriptor@1.0.0
76 silly currentTree | `-- is-descriptor@1.0.2
76 silly currentTree +-- bignum@0.13.0
76 silly currentTree | +-- bindings@1.3.1
76 silly currentTree | +-- nan@2.10.0
76 silly currentTree | `-- safe-buffer@5.1.2
76 silly currentTree +-- binary-extensions@1.13.1
76 silly currentTree +-- bindings@1.5.0
76 silly currentTree +-- bitsyntax@0.1.0
76 silly currentTree | +-- debug@2.6.9
76 silly currentTree | `-- safe-buffer@5.1.2
76 silly currentTree +-- bl@1.2.2
76 silly currentTree +-- bluebird@3.5.5
76 silly currentTree +-- body-parser@1.19.0
76 silly currentTree | `-- debug@2.6.9
76 silly currentTree +-- boxen@1.3.0
76 silly currentTree | +-- ansi-regex@3.0.0
76 silly currentTree | +-- camelcase@4.1.0
76 silly currentTree | +-- is-fullwidth-code-point@2.0.0
76 silly currentTree | +-- string-width@2.1.1
76 silly currentTree | `-- strip-ansi@4.0.0
76 silly currentTree +-- brace-expansion@1.1.11
76 silly currentTree +-- braces@2.3.2
76 silly currentTree | `-- extend-shallow@2.0.1
76 silly currentTree +-- browser-stdout@1.3.1
76 silly currentTree +-- buffer-alloc-unsafe@1.1.0
76 silly currentTree +-- buffer-alloc@1.2.0
76 silly currentTree +-- buffer-equal-constant-time@1.0.1
76 silly currentTree +-- buffer-fill@1.0.0
76 silly currentTree +-- buffer-more-ints@1.0.0
76 silly currentTree +-- bunyan-formatter@1.0.0
76 silly currentTree +-- bunyan@1.8.12
76 silly currentTree +-- bytes@3.1.0
76 silly currentTree +-- cache-base@1.0.1
76 silly currentTree +-- callsites@3.1.0
76 silly currentTree +-- camelcase@2.1.1
76 silly currentTree +-- capture-stack-trace@1.0.1
76 silly currentTree +-- chai-as-promised@7.1.1
76 silly currentTree +-- chai-string@1.5.0
76 silly currentTree +-- chai@4.2.0
76 silly currentTree +-- chalk@2.4.2
76 silly currentTree +-- chardet@0.7.0
76 silly currentTree +-- check-error@1.0.2
76 silly currentTree +-- chokidar@2.1.8
76 silly currentTree | `-- glob-parent@3.1.0
76 silly currentTree |   `-- is-glob@3.1.0
76 silly currentTree +-- chownr@1.1.3
76 silly currentTree +-- ci-info@1.6.0
76 silly currentTree +-- class-utils@0.3.6
76 silly currentTree | `-- define-property@0.2.5
76 silly currentTree +-- cli-boxes@1.0.0
76 silly currentTree +-- cli-cursor@2.1.0
76 silly currentTree +-- cli-width@2.2.0
76 silly currentTree +-- cliui@3.2.0
76 silly currentTree +-- code-point-at@1.1.0
76 silly currentTree +-- collection-visit@1.0.0
76 silly currentTree +-- color-convert@1.9.3
76 silly currentTree +-- color-name@1.1.3
76 silly currentTree +-- commander@2.20.0
76 silly currentTree +-- component-emitter@1.3.0
76 silly currentTree +-- concat-map@0.0.1
76 silly currentTree +-- configstore@3.1.2
76 silly currentTree +-- console-control-strings@1.1.0
76 silly currentTree +-- content-disposition@0.5.3
76 silly currentTree | `-- safe-buffer@5.1.2
76 silly currentTree +-- content-type@1.0.4
76 silly currentTree +-- cookie-signature@1.0.6
76 silly currentTree +-- cookie@0.4.0
76 silly currentTree +-- copy-descriptor@0.1.1
76 silly currentTree +-- core-util-is@1.0.2
76 silly currentTree +-- create-error-class@3.0.2
76 silly currentTree +-- cross-spawn@6.0.5
76 silly currentTree | `-- semver@5.7.1
76 silly currentTree +-- crypto-random-string@1.0.0
76 silly currentTree +-- cryptonight-hashing@3.0.5
76 silly currentTree +-- cryptonote-util@0.0.1
76 silly currentTree +-- dateformat@3.0.3
76 silly currentTree +-- debug@3.1.0
76 silly currentTree +-- decamelize@1.2.0
76 silly currentTree +-- decode-uri-component@0.2.0
76 silly currentTree +-- decompress-response@3.3.0
76 silly currentTree +-- deep-eql@3.0.1
76 silly currentTree +-- deep-extend@0.6.0
76 silly currentTree +-- deep-is@0.1.3
76 silly currentTree +-- define-properties@1.1.3
76 silly currentTree +-- define-property@2.0.2
76 silly currentTree | +-- is-accessor-descriptor@1.0.0
76 silly currentTree | +-- is-data-descriptor@1.0.0
76 silly currentTree | `-- is-descriptor@1.0.2
76 silly currentTree +-- delegates@1.0.0
76 silly currentTree +-- depd@1.1.2
76 silly currentTree +-- destroy@1.0.4
76 silly currentTree +-- detect-libc@1.0.3
76 silly currentTree +-- diff@3.5.0
76 silly currentTree +-- doctrine@3.0.0
76 silly currentTree +-- dot-prop@4.2.0
76 silly currentTree +-- double-ended-queue@2.1.0-0
76 silly currentTree +-- dtrace-provider@0.8.8
76 silly currentTree +-- duplexer3@0.1.4
76 silly currentTree +-- ecdsa-sig-formatter@1.0.11
76 silly currentTree +-- ee-first@1.1.1
76 silly currentTree +-- egads@1.0.2
76 silly currentTree +-- emoji-regex@7.0.3
76 silly currentTree +-- encodeurl@1.0.2
76 silly currentTree +-- end-of-stream@1.4.4
76 silly currentTree +-- es-abstract@1.14.2
76 silly currentTree +-- es-to-primitive@1.2.0
76 silly currentTree +-- es6-promise@4.2.8
76 silly currentTree +-- es6-promisify@5.0.0
76 silly currentTree +-- escape-html@1.0.3
76 silly currentTree +-- escape-string-regexp@1.0.5
76 silly currentTree +-- eslint-config-google@0.13.0
76 silly currentTree +-- eslint-scope@5.0.0
76 silly currentTree +-- eslint-utils@1.4.2
76 silly currentTree +-- eslint-visitor-keys@1.1.0
76 silly currentTree +-- eslint@6.4.0
76 silly currentTree | +-- ansi-regex@4.1.0
76 silly currentTree | +-- debug@4.1.1
76 silly currentTree | +-- ms@2.1.2
76 silly currentTree | `-- strip-ansi@5.2.0
76 silly currentTree +-- espree@6.1.1
76 silly currentTree +-- esprima@4.0.1
76 silly currentTree +-- esquery@1.0.1
76 silly currentTree +-- esrecurse@4.2.1
76 silly currentTree +-- estraverse@4.3.0
76 silly currentTree +-- esutils@2.0.3
76 silly currentTree +-- etag@1.8.1
76 silly currentTree +-- execa@1.0.0
76 silly currentTree +-- expand-brackets@2.1.4
76 silly currentTree | +-- debug@2.6.9
76 silly currentTree | +-- define-property@0.2.5
76 silly currentTree | `-- extend-shallow@2.0.1
76 silly currentTree +-- expand-template@1.1.1
76 silly currentTree +-- express@4.17.1
76 silly currentTree | +-- debug@2.6.9
76 silly currentTree | `-- safe-buffer@5.1.2
76 silly currentTree +-- extend-shallow@3.0.2
76 silly currentTree | `-- is-extendable@1.0.1
76 silly currentTree +-- external-editor@3.1.0
76 silly currentTree +-- extglob@2.0.4
76 silly currentTree | +-- define-property@1.0.0
76 silly currentTree | +-- extend-shallow@2.0.1
76 silly currentTree | +-- is-accessor-descriptor@1.0.0
76 silly currentTree | +-- is-data-descriptor@1.0.0
76 silly currentTree | `-- is-descriptor@1.0.2
76 silly currentTree +-- eyes@0.1.8
76 silly currentTree +-- fast-deep-equal@2.0.1
76 silly currentTree +-- fast-json-stable-stringify@2.0.0
76 silly currentTree +-- fast-levenshtein@2.0.6
76 silly currentTree +-- figures@2.0.0
76 silly currentTree +-- file-entry-cache@5.0.1
76 silly currentTree +-- file-uri-to-path@1.0.0
76 silly currentTree +-- fill-range@4.0.0
76 silly currentTree | `-- extend-shallow@2.0.1
76 silly currentTree +-- finalhandler@1.1.2
76 silly currentTree | `-- debug@2.6.9
76 silly currentTree +-- find-up@3.0.0
76 silly currentTree +-- flat-cache@2.0.1
76 silly currentTree | +-- glob@7.1.4
76 silly currentTree | `-- rimraf@2.6.3
76 silly currentTree +-- flat@4.1.0
76 silly currentTree +-- flatted@2.0.1
76 silly currentTree +-- follow-redirects@1.5.10
76 silly currentTree +-- for-in@1.0.2
76 silly currentTree +-- forwarded@0.1.2
76 silly currentTree +-- fragment-cache@0.2.1
76 silly currentTree +-- fresh@0.5.2
76 silly currentTree +-- fs-constants@1.0.0
76 silly currentTree +-- fs.realpath@1.0.0
76 silly currentTree +-- function-bind@1.1.1
76 silly currentTree +-- functional-red-black-tree@1.0.1
76 silly currentTree +-- gauge@2.7.4
76 silly currentTree +-- get-caller-file@2.0.5
76 silly currentTree +-- get-func-name@2.0.0
76 silly currentTree +-- get-stream@4.1.0
76 silly currentTree +-- get-value@2.0.6
76 silly currentTree +-- github-from-package@0.0.0
76 silly currentTree +-- glob-parent@5.1.0
76 silly currentTree +-- glob@6.0.4
76 silly currentTree +-- global-dirs@0.1.1
76 silly currentTree +-- globals@11.12.0
76 silly currentTree +-- got@6.7.1
76 silly currentTree | `-- get-stream@3.0.0
76 silly currentTree +-- graceful-fs@4.2.2
76 silly currentTree +-- growl@1.10.5
76 silly currentTree +-- has-flag@3.0.0
76 silly currentTree +-- has-symbols@1.0.0
76 silly currentTree +-- has-unicode@2.0.1
76 silly currentTree +-- has-value@1.0.0
76 silly currentTree +-- has-values@1.0.0
76 silly currentTree | +-- is-buffer@1.1.6
76 silly currentTree | `-- kind-of@4.0.0
76 silly currentTree +-- has@1.0.3
76 silly currentTree +-- he@1.2.0
76 silly currentTree +-- http-errors@1.7.2
76 silly currentTree | `-- inherits@2.0.3
76 silly currentTree +-- iconv-lite@0.4.24
76 silly currentTree +-- ignore-by-default@1.0.1
76 silly currentTree +-- ignore@4.0.6
76 silly currentTree +-- import-fresh@3.1.0
76 silly currentTree +-- import-lazy@2.1.0
76 silly currentTree +-- imurmurhash@0.1.4
76 silly currentTree +-- inflight@1.0.6
76 silly currentTree +-- inherits@2.0.4
76 silly currentTree +-- ini@1.3.5
76 silly currentTree +-- inquirer@6.5.2
76 silly currentTree | +-- ansi-regex@3.0.0
76 silly currentTree | +-- is-fullwidth-code-point@2.0.0
76 silly currentTree | +-- string-width@2.1.1
76 silly currentTree | | `-- strip-ansi@4.0.0
76 silly currentTree | `-- strip-ansi@5.2.0
76 silly currentTree |   `-- ansi-regex@4.1.0
76 silly currentTree +-- invert-kv@1.0.0
76 silly currentTree +-- ipaddr.js@1.9.0
76 silly currentTree +-- is-accessor-descriptor@0.1.6
76 silly currentTree | +-- is-buffer@1.1.6
76 silly currentTree | `-- kind-of@3.2.2
76 silly currentTree +-- is-binary-path@1.0.1
76 silly currentTree +-- is-buffer@2.0.3
76 silly currentTree +-- is-callable@1.1.4
76 silly currentTree +-- is-ci@1.2.1
76 silly currentTree +-- is-data-descriptor@0.1.4
76 silly currentTree | +-- is-buffer@1.1.6
76 silly currentTree | `-- kind-of@3.2.2
76 silly currentTree +-- is-date-object@1.0.1
76 silly currentTree +-- is-descriptor@0.1.6
76 silly currentTree | `-- kind-of@5.1.0
76 silly currentTree +-- is-extendable@0.1.1
76 silly currentTree +-- is-extglob@2.1.1
76 silly currentTree +-- is-fullwidth-code-point@1.0.0
76 silly currentTree +-- is-glob@4.0.1
76 silly currentTree +-- is-installed-globally@0.1.0
76 silly currentTree +-- is-npm@1.0.0
76 silly currentTree +-- is-number@3.0.0
76 silly currentTree | +-- is-buffer@1.1.6
76 silly currentTree | `-- kind-of@3.2.2
76 silly currentTree +-- is-obj@1.0.1
76 silly currentTree +-- is-path-inside@1.0.1
76 silly currentTree +-- is-plain-object@2.0.4
76 silly currentTree +-- is-promise@2.1.0
76 silly currentTree +-- is-redirect@1.0.0
76 silly currentTree +-- is-regex@1.0.4
76 silly currentTree +-- is-retry-allowed@1.2.0
76 silly currentTree +-- is-stream@1.1.0
76 silly currentTree +-- is-symbol@1.0.2
76 silly currentTree +-- is-windows@1.0.2
76 silly currentTree +-- isarray@1.0.0
76 silly currentTree +-- isexe@2.0.0
76 silly currentTree +-- isobject@3.0.1
76 silly currentTree +-- jayson@3.1.1
76 silly currentTree +-- js-tokens@4.0.0
76 silly currentTree +-- js-yaml@3.13.1
76 silly currentTree +-- json-schema-traverse@0.4.1
76 silly currentTree +-- json-stable-stringify-without-jsonify@1.0.1
76 silly currentTree +-- json-stringify-safe@5.0.1
76 silly currentTree +-- jsonparse@1.3.1
76 silly currentTree +-- JSONStream@1.3.5
76 silly currentTree +-- jsonwebtoken@8.5.1
76 silly currentTree | +-- ms@2.1.2
76 silly currentTree | `-- semver@5.7.1
76 silly currentTree +-- jwa@1.4.1
76 silly currentTree +-- jws@3.2.2
76 silly currentTree +-- kind-of@6.0.2
76 silly currentTree +-- latest-version@3.1.0
76 silly currentTree +-- lcid@1.0.0
76 silly currentTree +-- levn@0.3.0
76 silly currentTree +-- locate-path@3.0.0
76 silly currentTree +-- lodash.includes@4.3.0
76 silly currentTree +-- lodash.isboolean@3.0.3
76 silly currentTree +-- lodash.isinteger@4.0.4
76 silly currentTree +-- lodash.isnumber@3.0.3
76 silly currentTree +-- lodash.isplainobject@4.0.6
76 silly currentTree +-- lodash.isstring@4.0.1
76 silly currentTree +-- lodash.once@4.1.1
76 silly currentTree +-- lodash@4.17.15
76 silly currentTree +-- log-symbols@2.2.0
76 silly currentTree +-- lowercase-keys@1.0.1
76 silly currentTree +-- lru-cache@4.1.5
76 silly currentTree +-- make-dir@1.3.0
76 silly currentTree +-- map-age-cleaner@0.1.3
76 silly currentTree +-- map-cache@0.2.2
76 silly currentTree +-- map-visit@1.0.0
76 silly currentTree +-- media-typer@0.3.0
76 silly currentTree +-- mem@4.3.0
76 silly currentTree | `-- mimic-fn@2.1.0
76 silly currentTree +-- merge-descriptors@1.0.1
76 silly currentTree +-- methods@1.1.2
76 silly currentTree +-- micromatch@3.1.10
76 silly currentTree +-- mime-db@1.40.0
76 silly currentTree +-- mime-types@2.1.24
76 silly currentTree +-- mime@1.6.0
76 silly currentTree +-- mimic-fn@1.2.0
76 silly currentTree +-- mimic-response@1.0.1
76 silly currentTree +-- minimatch@3.0.4
76 silly currentTree +-- minimist@0.0.8
76 silly currentTree +-- mixin-deep@1.3.2
76 silly currentTree | `-- is-extendable@1.0.1
76 silly currentTree +-- mkdirp@0.5.1
76 silly currentTree +-- mocha@6.2.0
76 silly currentTree | +-- ansi-regex@3.0.0
76 silly currentTree | +-- cliui@4.1.0
76 silly currentTree | | `-- string-width@2.1.1
76 silly currentTree | +-- debug@3.2.6
76 silly currentTree | +-- glob@7.1.3
76 silly currentTree | +-- invert-kv@2.0.0
76 silly currentTree | +-- is-fullwidth-code-point@2.0.0
76 silly currentTree | +-- lcid@2.0.0
76 silly currentTree | +-- ms@2.1.1
76 silly currentTree | +-- os-locale@3.1.0
76 silly currentTree | +-- string-width@3.1.0
76 silly currentTree | | +-- ansi-regex@4.1.0
76 silly currentTree | | `-- strip-ansi@5.2.0
76 silly currentTree | +-- strip-ansi@4.0.0
76 silly currentTree | +-- strip-json-comments@2.0.1
76 silly currentTree | +-- supports-color@6.0.0
76 silly currentTree | +-- y18n@4.0.0
76 silly currentTree | `-- yargs@13.2.2
76 silly currentTree +-- moment@2.24.0
76 silly currentTree +-- ms@2.0.0
76 silly currentTree +-- mute-stream@0.0.7
76 silly currentTree +-- mv@2.1.1
76 silly currentTree +-- nan@2.14.0
76 silly currentTree +-- nanomatch@1.2.13
76 silly currentTree +-- natural-compare@1.4.0
76 silly currentTree +-- nconf@0.10.0
76 silly currentTree +-- ncp@2.0.0
76 silly currentTree +-- negotiator@0.6.2
76 silly currentTree +-- nice-try@1.0.5
76 silly currentTree +-- node-abi@2.11.0
76 silly currentTree | `-- semver@5.7.1
76 silly currentTree +-- node-environment-flags@1.0.5
76 silly currentTree | `-- semver@5.7.1
76 silly currentTree +-- nodemon@1.19.2
76 silly currentTree | `-- semver@5.7.1
76 silly currentTree +-- noop-logger@0.1.1
76 silly currentTree +-- nopt@1.0.10
76 silly currentTree +-- normalize-path@3.0.0
76 silly currentTree +-- npm-run-path@2.0.2
76 silly currentTree +-- npmlog@4.1.2
76 silly currentTree +-- number-is-nan@1.0.1
76 silly currentTree +-- object-assign@4.1.1
76 silly currentTree +-- object-copy@0.1.0
76 silly currentTree | +-- define-property@0.2.5
76 silly currentTree | +-- is-buffer@1.1.6
76 silly currentTree | `-- kind-of@3.2.2
76 silly currentTree +-- object-inspect@1.6.0
76 silly currentTree +-- object-keys@1.1.1
76 silly currentTree +-- object-visit@1.0.1
76 silly currentTree +-- object.assign@4.1.0
76 silly currentTree +-- object.getownpropertydescriptors@2.0.3
76 silly currentTree +-- object.pick@1.3.0
76 silly currentTree +-- on-finished@2.3.0
76 silly currentTree +-- once@1.4.0
76 silly currentTree +-- onetime@2.0.1
76 silly currentTree +-- optionator@0.8.2
76 silly currentTree +-- os-homedir@1.0.2
76 silly currentTree +-- os-locale@1.4.0
76 silly currentTree +-- os-tmpdir@1.0.2
76 silly currentTree +-- p-defer@1.0.0
76 silly currentTree +-- p-finally@1.0.0
76 silly currentTree +-- p-is-promise@2.1.0
76 silly currentTree +-- p-limit@2.2.1
76 silly currentTree +-- p-locate@3.0.0
76 silly currentTree +-- p-try@2.2.0
76 silly currentTree +-- package-json@4.0.1
76 silly currentTree | `-- semver@5.7.1
76 silly currentTree +-- parent-module@1.0.1
76 silly currentTree +-- parseurl@1.3.3
76 silly currentTree +-- pascalcase@0.1.1
76 silly currentTree +-- path-dirname@1.0.2
76 silly currentTree +-- path-exists@3.0.0
76 silly currentTree +-- path-is-absolute@1.0.1
76 silly currentTree +-- path-is-inside@1.0.2
76 silly currentTree +-- path-key@2.0.1
76 silly currentTree +-- path-to-regexp@0.1.7
76 silly currentTree +-- path@0.12.7
76 silly currentTree +-- pathval@1.1.0
76 silly currentTree +-- pify@3.0.0
76 silly currentTree +-- posix-character-classes@0.1.1
76 silly currentTree +-- prebuild-install@4.0.0
76 silly currentTree | +-- minimist@1.2.0
76 silly currentTree | `-- pump@2.0.1
76 silly currentTree +-- prelude-ls@1.1.2
76 silly currentTree +-- prepend-http@1.0.4
76 silly currentTree +-- process-nextick-args@2.0.1
76 silly currentTree +-- process@0.11.10
76 silly currentTree +-- progress@2.0.3
76 silly currentTree +-- promise-redis@0.0.5
76 silly currentTree +-- proxy-addr@2.0.5
76 silly currentTree +-- pseudomap@1.0.2
76 silly currentTree +-- pstree.remy@1.1.7
76 silly currentTree +-- pump@3.0.0
76 silly currentTree +-- punycode@2.1.1
76 silly currentTree +-- qs@6.7.0
76 silly currentTree +-- querystringify@2.1.1
76 silly currentTree +-- range-parser@1.2.1
76 silly currentTree +-- raw-body@2.4.0
76 silly currentTree +-- rc@1.2.8
76 silly currentTree | +-- minimist@1.2.0
76 silly currentTree | `-- strip-json-comments@2.0.1
76 silly currentTree +-- readable-stream@2.3.6
76 silly currentTree | `-- safe-buffer@5.1.2
76 silly currentTree +-- readdirp@2.2.1
76 silly currentTree +-- redis-commands@1.5.0
76 silly currentTree +-- redis-parser@2.6.0
76 silly currentTree +-- redis@2.8.0
76 silly currentTree +-- regex-not@1.0.2
76 silly currentTree +-- regexpp@2.0.1
76 silly currentTree +-- registry-auth-token@3.4.0
76 silly currentTree +-- registry-url@3.1.0
76 silly currentTree +-- remove-trailing-separator@1.1.0
76 silly currentTree +-- repeat-element@1.1.3
76 silly currentTree +-- repeat-string@1.6.1
76 silly currentTree +-- require-directory@2.1.1
76 silly currentTree +-- require-main-filename@2.0.0
76 silly currentTree +-- requires-port@1.0.0
76 silly currentTree +-- resolve-from@4.0.0
76 silly currentTree +-- resolve-url@0.2.1
76 silly currentTree +-- restore-cursor@2.0.0
76 silly currentTree +-- ret@0.1.15
76 silly currentTree +-- rimraf@2.4.5
76 silly currentTree +-- run-async@2.3.0
76 silly currentTree +-- rxjs@6.5.3
76 silly currentTree +-- safe-buffer@5.2.0
76 silly currentTree +-- safe-json-stringify@1.2.0
76 silly currentTree +-- safe-regex@1.1.0
76 silly currentTree +-- safer-buffer@2.1.2
76 silly currentTree +-- secure-keys@1.0.0
76 silly currentTree +-- semver-diff@2.1.0
76 silly currentTree | `-- semver@5.7.1
76 silly currentTree +-- semver@6.3.0
76 silly currentTree +-- send@0.17.1
76 silly currentTree | +-- debug@2.6.9
76 silly currentTree | | `-- ms@2.0.0
76 silly currentTree | `-- ms@2.1.1
76 silly currentTree +-- serve-static@1.14.1
76 silly currentTree +-- set-blocking@2.0.0
76 silly currentTree +-- set-value@2.0.1
76 silly currentTree | `-- extend-shallow@2.0.1
76 silly currentTree +-- setprototypeof@1.1.1
76 silly currentTree +-- shebang-command@1.2.0
76 silly currentTree +-- shebang-regex@1.0.0
76 silly currentTree +-- signal-exit@3.0.2
76 silly currentTree +-- simple-concat@1.0.0
76 silly currentTree +-- simple-get@2.8.1
76 silly currentTree +-- slice-ansi@2.1.0
76 silly currentTree | `-- is-fullwidth-code-point@2.0.0
76 silly currentTree +-- snapdragon-node@2.1.1
76 silly currentTree | +-- define-property@1.0.0
76 silly currentTree | +-- is-accessor-descriptor@1.0.0
76 silly currentTree | +-- is-data-descriptor@1.0.0
76 silly currentTree | `-- is-descriptor@1.0.2
76 silly currentTree +-- snapdragon-util@3.0.1
76 silly currentTree | +-- is-buffer@1.1.6
76 silly currentTree | `-- kind-of@3.2.2
76 silly currentTree +-- snapdragon@0.8.2
76 silly currentTree | +-- debug@2.6.9
76 silly currentTree | +-- define-property@0.2.5
76 silly currentTree | `-- extend-shallow@2.0.1
76 silly currentTree +-- source-map-resolve@0.5.2
76 silly currentTree +-- source-map-url@0.4.0
76 silly currentTree +-- source-map@0.5.7
76 silly currentTree +-- split-string@3.1.0
76 silly currentTree +-- sprintf-js@1.0.3
76 silly currentTree +-- static-extend@0.1.2
76 silly currentTree | `-- define-property@0.2.5
76 silly currentTree +-- statuses@1.5.0
76 silly currentTree +-- string_decoder@1.1.1
76 silly currentTree | `-- safe-buffer@5.1.2
76 silly currentTree +-- string-width@1.0.2
76 silly currentTree +-- string.prototype.trimleft@2.1.0
76 silly currentTree +-- string.prototype.trimright@2.1.0
76 silly currentTree +-- strip-ansi@3.0.1
76 silly currentTree +-- strip-eof@1.0.0
76 silly currentTree +-- strip-json-comments@3.0.1
76 silly currentTree +-- supports-color@5.5.0
76 silly currentTree +-- table@5.4.6
76 silly currentTree | +-- ansi-regex@4.1.0
76 silly currentTree | +-- is-fullwidth-code-point@2.0.0
76 silly currentTree | +-- string-width@3.1.0
76 silly currentTree | `-- strip-ansi@5.2.0
76 silly currentTree +-- tar-fs@1.16.3
76 silly currentTree | `-- pump@1.0.3
76 silly currentTree +-- tar-stream@1.6.2
76 silly currentTree +-- term-size@1.2.0
76 silly currentTree | +-- cross-spawn@5.1.0
76 silly currentTree | +-- execa@0.7.0
76 silly currentTree | `-- get-stream@3.0.0
76 silly currentTree +-- text-table@0.2.0
76 silly currentTree +-- through@2.3.8
76 silly currentTree +-- timed-out@4.0.1
76 silly currentTree +-- tmp@0.0.33
76 silly currentTree +-- to-buffer@1.1.1
76 silly currentTree +-- to-object-path@0.3.0
76 silly currentTree | +-- is-buffer@1.1.6
76 silly currentTree | `-- kind-of@3.2.2
76 silly currentTree +-- to-regex-range@2.1.1
76 silly currentTree +-- to-regex@3.0.2
76 silly currentTree +-- toidentifier@1.0.0
76 silly currentTree +-- touch@3.1.0
76 silly currentTree +-- tslib@1.10.0
76 silly currentTree +-- tunnel-agent@0.6.0
76 silly currentTree +-- type-check@0.3.2
76 silly currentTree +-- type-detect@4.0.8
76 silly currentTree +-- type-is@1.6.18
76 silly currentTree +-- undefsafe@2.0.2
76 silly currentTree | `-- debug@2.6.9
76 silly currentTree +-- union-value@1.0.1
76 silly currentTree +-- unique-string@1.0.0
76 silly currentTree +-- unpipe@1.0.0
76 silly currentTree +-- unset-value@1.0.0
76 silly currentTree | +-- has-value@0.3.1
76 silly currentTree | | `-- isobject@2.1.0
76 silly currentTree | `-- has-values@0.1.4
76 silly currentTree +-- unzip-response@2.0.1
76 silly currentTree +-- upath@1.2.0
76 silly currentTree +-- update-notifier@2.5.0
76 silly currentTree +-- uri-js@4.2.2
76 silly currentTree +-- urix@0.1.0
76 silly currentTree +-- url-parse-lax@1.0.0
76 silly currentTree +-- url-parse@1.4.7
76 silly currentTree +-- use@3.1.1
76 silly currentTree +-- util-deprecate@1.0.2
76 silly currentTree +-- util@0.10.4
76 silly currentTree | `-- inherits@2.0.3
76 silly currentTree +-- utils-merge@1.0.1
76 silly currentTree +-- uuid@3.3.3
76 silly currentTree +-- v8-compile-cache@2.1.0
76 silly currentTree +-- vary@1.1.2
76 silly currentTree +-- which-module@2.0.0
76 silly currentTree +-- which-pm-runs@1.0.0
76 silly currentTree +-- which@1.3.1
76 silly currentTree +-- wide-align@1.1.3
76 silly currentTree +-- widest-line@2.0.1
76 silly currentTree | +-- ansi-regex@3.0.0
76 silly currentTree | +-- is-fullwidth-code-point@2.0.0
76 silly currentTree | +-- string-width@2.1.1
76 silly currentTree | `-- strip-ansi@4.0.0
76 silly currentTree +-- window-size@0.1.4
76 silly currentTree +-- wordwrap@1.0.0
76 silly currentTree +-- wrap-ansi@2.1.0
76 silly currentTree +-- wrappy@1.0.2
76 silly currentTree +-- write-file-atomic@2.4.3
76 silly currentTree +-- write@1.0.3
76 silly currentTree +-- xdg-basedir@3.0.0
76 silly currentTree +-- xtend@4.0.2
76 silly currentTree +-- y18n@3.2.1
76 silly currentTree +-- yallist@2.1.2
76 silly currentTree +-- yargs-parser@13.0.0
76 silly currentTree | `-- camelcase@5.3.1
76 silly currentTree +-- yargs-unparser@1.5.0
76 silly currentTree | +-- ansi-regex@3.0.0
76 silly currentTree | +-- camelcase@5.3.1
76 silly currentTree | +-- cliui@4.1.0
76 silly currentTree | +-- get-caller-file@1.0.3
76 silly currentTree | +-- invert-kv@2.0.0
76 silly currentTree | +-- is-fullwidth-code-point@2.0.0
76 silly currentTree | +-- lcid@2.0.0
76 silly currentTree | +-- os-locale@3.1.0
76 silly currentTree | +-- require-main-filename@1.0.1
76 silly currentTree | +-- string-width@2.1.1
76 silly currentTree | +-- strip-ansi@4.0.0
76 silly currentTree | +-- yargs-parser@11.1.1
76 silly currentTree | `-- yargs@12.0.5
76 silly currentTree `-- yargs@3.32.0
77 silly idealTree emerald@1.0.0
77 silly idealTree +-- @babel/code-frame@7.5.5
77 silly idealTree +-- @babel/highlight@7.5.0
77 silly idealTree +-- @types/connect@3.4.32
77 silly idealTree +-- @types/express-serve-static-core@4.16.9
77 silly idealTree +-- @types/lodash@4.14.141
77 silly idealTree +-- @types/node@12.7.8
77 silly idealTree +-- @types/range-parser@1.2.3
77 silly idealTree +-- abbrev@1.1.1
77 silly idealTree +-- accepts@1.3.7
77 silly idealTree +-- acorn-jsx@5.0.2
77 silly idealTree +-- acorn@7.1.0
77 silly idealTree +-- ajv@6.10.2
77 silly idealTree +-- amqplib@0.5.5
77 silly idealTree | +-- isarray@0.0.1
77 silly idealTree | +-- readable-stream@1.1.14
77 silly idealTree | +-- safe-buffer@5.1.2
77 silly idealTree | `-- string_decoder@0.10.31
77 silly idealTree +-- ansi-align@2.0.0
77 silly idealTree | +-- ansi-regex@3.0.0
77 silly idealTree | +-- is-fullwidth-code-point@2.0.0
77 silly idealTree | +-- string-width@2.1.1
77 silly idealTree | `-- strip-ansi@4.0.0
77 silly idealTree +-- ansi-colors@3.2.3
77 silly idealTree +-- ansi-escapes@3.2.0
77 silly idealTree +-- ansi-regex@2.1.1
77 silly idealTree +-- ansi-styles@3.2.1
77 silly idealTree +-- ansicolors@0.3.2
77 silly idealTree +-- ansistyles@0.1.3
77 silly idealTree +-- anymatch@2.0.0
77 silly idealTree | `-- normalize-path@2.1.1
77 silly idealTree +-- app-module-path@2.2.0
77 silly idealTree +-- aproba@1.2.0
77 silly idealTree +-- are-we-there-yet@1.1.5
77 silly idealTree +-- argparse@1.0.10
77 silly idealTree +-- arr-diff@4.0.0
77 silly idealTree +-- arr-flatten@1.1.0
77 silly idealTree +-- arr-union@3.1.0
77 silly idealTree +-- array-flatten@1.1.1
77 silly idealTree +-- array-unique@0.3.2
77 silly idealTree +-- assertion-error@1.1.0
77 silly idealTree +-- assign-symbols@1.0.0
77 silly idealTree +-- astral-regex@1.0.0
77 silly idealTree +-- async-each@1.0.3
77 silly idealTree +-- async@1.5.2
77 silly idealTree +-- atob@2.1.2
77 silly idealTree +-- axios@0.19.0
77 silly idealTree +-- balanced-match@1.0.0
77 silly idealTree +-- base@0.11.2
77 silly idealTree | +-- define-property@1.0.0
77 silly idealTree | +-- is-accessor-descriptor@1.0.0
77 silly idealTree | +-- is-data-descriptor@1.0.0
77 silly idealTree | `-- is-descriptor@1.0.2
77 silly idealTree +-- bignum@0.13.0
77 silly idealTree | +-- bindings@1.3.1
77 silly idealTree | +-- nan@2.10.0
77 silly idealTree | `-- safe-buffer@5.1.2
77 silly idealTree +-- binary-extensions@1.13.1
77 silly idealTree +-- bindings@1.5.0
77 silly idealTree +-- bitsyntax@0.1.0
77 silly idealTree | +-- debug@2.6.9
77 silly idealTree | `-- safe-buffer@5.1.2
77 silly idealTree +-- bl@1.2.2
77 silly idealTree +-- bluebird@3.5.5
77 silly idealTree +-- body-parser@1.19.0
77 silly idealTree | `-- debug@2.6.9
77 silly idealTree +-- boxen@1.3.0
77 silly idealTree | +-- ansi-regex@3.0.0
77 silly idealTree | +-- camelcase@4.1.0
77 silly idealTree | +-- is-fullwidth-code-point@2.0.0
77 silly idealTree | +-- string-width@2.1.1
77 silly idealTree | `-- strip-ansi@4.0.0
77 silly idealTree +-- brace-expansion@1.1.11
77 silly idealTree +-- braces@2.3.2
77 silly idealTree | `-- extend-shallow@2.0.1
77 silly idealTree +-- browser-stdout@1.3.1
77 silly idealTree +-- buffer-alloc-unsafe@1.1.0
77 silly idealTree +-- buffer-alloc@1.2.0
77 silly idealTree +-- buffer-equal-constant-time@1.0.1
77 silly idealTree +-- buffer-fill@1.0.0
77 silly idealTree +-- buffer-more-ints@1.0.0
77 silly idealTree +-- bunyan-formatter@1.0.0
77 silly idealTree +-- bunyan@1.8.12
77 silly idealTree +-- bytes@3.1.0
77 silly idealTree +-- cache-base@1.0.1
77 silly idealTree +-- callsites@3.1.0
77 silly idealTree +-- camelcase@2.1.1
77 silly idealTree +-- capture-stack-trace@1.0.1
77 silly idealTree +-- chai-as-promised@7.1.1
77 silly idealTree +-- chai-string@1.5.0
77 silly idealTree +-- chai@4.2.0
77 silly idealTree +-- chalk@2.4.2
77 silly idealTree +-- chardet@0.7.0
77 silly idealTree +-- check-error@1.0.2
77 silly idealTree +-- chokidar@2.1.8
77 silly idealTree | `-- glob-parent@3.1.0
77 silly idealTree |   `-- is-glob@3.1.0
77 silly idealTree +-- chownr@1.1.3
77 silly idealTree +-- ci-info@1.6.0
77 silly idealTree +-- class-utils@0.3.6
77 silly idealTree | `-- define-property@0.2.5
77 silly idealTree +-- cli-boxes@1.0.0
77 silly idealTree +-- cli-cursor@2.1.0
77 silly idealTree +-- cli-width@2.2.0
77 silly idealTree +-- cliui@3.2.0
77 silly idealTree +-- code-point-at@1.1.0
77 silly idealTree +-- collection-visit@1.0.0
77 silly idealTree +-- color-convert@1.9.3
77 silly idealTree +-- color-name@1.1.3
77 silly idealTree +-- commander@2.20.0
77 silly idealTree +-- component-emitter@1.3.0
77 silly idealTree +-- concat-map@0.0.1
77 silly idealTree +-- configstore@3.1.2
77 silly idealTree +-- console-control-strings@1.1.0
77 silly idealTree +-- content-disposition@0.5.3
77 silly idealTree | `-- safe-buffer@5.1.2
77 silly idealTree +-- content-type@1.0.4
77 silly idealTree +-- cookie-signature@1.0.6
77 silly idealTree +-- cookie@0.4.0
77 silly idealTree +-- copy-descriptor@0.1.1
77 silly idealTree +-- core-util-is@1.0.2
77 silly idealTree +-- create-error-class@3.0.2
77 silly idealTree +-- cross-spawn@6.0.5
77 silly idealTree | `-- semver@5.7.1
77 silly idealTree +-- crypto-random-string@1.0.0
77 silly idealTree +-- cryptonight-hashing@3.0.5
77 silly idealTree +-- cryptonote-util@0.0.1
77 silly idealTree +-- dateformat@3.0.3
77 silly idealTree +-- debug@3.1.0
77 silly idealTree +-- decamelize@1.2.0
77 silly idealTree +-- decode-uri-component@0.2.0
77 silly idealTree +-- decompress-response@3.3.0
77 silly idealTree +-- deep-eql@3.0.1
77 silly idealTree +-- deep-extend@0.6.0
77 silly idealTree +-- deep-is@0.1.3
77 silly idealTree +-- define-properties@1.1.3
77 silly idealTree +-- define-property@2.0.2
77 silly idealTree | +-- is-accessor-descriptor@1.0.0
77 silly idealTree | +-- is-data-descriptor@1.0.0
77 silly idealTree | `-- is-descriptor@1.0.2
77 silly idealTree +-- delegates@1.0.0
77 silly idealTree +-- depd@1.1.2
77 silly idealTree +-- destroy@1.0.4
77 silly idealTree +-- detect-libc@1.0.3
77 silly idealTree +-- diff@3.5.0
77 silly idealTree +-- doctrine@3.0.0
77 silly idealTree +-- dot-prop@4.2.0
77 silly idealTree +-- double-ended-queue@2.1.0-0
77 silly idealTree +-- dtrace-provider@0.8.8
77 silly idealTree +-- duplexer3@0.1.4
77 silly idealTree +-- ecdsa-sig-formatter@1.0.11
77 silly idealTree +-- ee-first@1.1.1
77 silly idealTree +-- egads@1.0.2
77 silly idealTree +-- emoji-regex@7.0.3
77 silly idealTree +-- encodeurl@1.0.2
77 silly idealTree +-- end-of-stream@1.4.4
77 silly idealTree +-- es-abstract@1.14.2
77 silly idealTree +-- es-to-primitive@1.2.0
77 silly idealTree +-- es6-promise@4.2.8
77 silly idealTree +-- es6-promisify@5.0.0
77 silly idealTree +-- escape-html@1.0.3
77 silly idealTree +-- escape-string-regexp@1.0.5
77 silly idealTree +-- eslint-config-google@0.13.0
77 silly idealTree +-- eslint-scope@5.0.0
77 silly idealTree +-- eslint-utils@1.4.2
77 silly idealTree +-- eslint-visitor-keys@1.1.0
77 silly idealTree +-- eslint@6.4.0
77 silly idealTree | +-- ansi-regex@4.1.0
77 silly idealTree | +-- debug@4.1.1
77 silly idealTree | +-- ms@2.1.2
77 silly idealTree | `-- strip-ansi@5.2.0
77 silly idealTree +-- espree@6.1.1
77 silly idealTree +-- esprima@4.0.1
77 silly idealTree +-- esquery@1.0.1
77 silly idealTree +-- esrecurse@4.2.1
77 silly idealTree +-- estraverse@4.3.0
77 silly idealTree +-- esutils@2.0.3
77 silly idealTree +-- etag@1.8.1
77 silly idealTree +-- execa@1.0.0
77 silly idealTree +-- expand-brackets@2.1.4
77 silly idealTree | +-- debug@2.6.9
77 silly idealTree | +-- define-property@0.2.5
77 silly idealTree | `-- extend-shallow@2.0.1
77 silly idealTree +-- expand-template@1.1.1
77 silly idealTree +-- express@4.17.1
77 silly idealTree | +-- debug@2.6.9
77 silly idealTree | `-- safe-buffer@5.1.2
77 silly idealTree +-- extend-shallow@3.0.2
77 silly idealTree | `-- is-extendable@1.0.1
77 silly idealTree +-- external-editor@3.1.0
77 silly idealTree +-- extglob@2.0.4
77 silly idealTree | +-- define-property@1.0.0
77 silly idealTree | +-- extend-shallow@2.0.1
77 silly idealTree | +-- is-accessor-descriptor@1.0.0
77 silly idealTree | +-- is-data-descriptor@1.0.0
77 silly idealTree | `-- is-descriptor@1.0.2
77 silly idealTree +-- eyes@0.1.8
77 silly idealTree +-- fast-deep-equal@2.0.1
77 silly idealTree +-- fast-json-stable-stringify@2.0.0
77 silly idealTree +-- fast-levenshtein@2.0.6
77 silly idealTree +-- figures@2.0.0
77 silly idealTree +-- file-entry-cache@5.0.1
77 silly idealTree +-- file-uri-to-path@1.0.0
77 silly idealTree +-- fill-range@4.0.0
77 silly idealTree | `-- extend-shallow@2.0.1
77 silly idealTree +-- finalhandler@1.1.2
77 silly idealTree | `-- debug@2.6.9
77 silly idealTree +-- find-up@3.0.0
77 silly idealTree +-- flat-cache@2.0.1
77 silly idealTree | +-- glob@7.1.4
77 silly idealTree | `-- rimraf@2.6.3
77 silly idealTree +-- flat@4.1.0
77 silly idealTree +-- flatted@2.0.1
77 silly idealTree +-- follow-redirects@1.5.10
77 silly idealTree +-- for-in@1.0.2
77 silly idealTree +-- forwarded@0.1.2
77 silly idealTree +-- fragment-cache@0.2.1
77 silly idealTree +-- fresh@0.5.2
77 silly idealTree +-- fs-constants@1.0.0
77 silly idealTree +-- fs.realpath@1.0.0
77 silly idealTree +-- function-bind@1.1.1
77 silly idealTree +-- functional-red-black-tree@1.0.1
77 silly idealTree +-- gauge@2.7.4
77 silly idealTree +-- get-caller-file@2.0.5
77 silly idealTree +-- get-func-name@2.0.0
77 silly idealTree +-- get-stream@4.1.0
77 silly idealTree +-- get-value@2.0.6
77 silly idealTree +-- github-from-package@0.0.0
77 silly idealTree +-- glob-parent@5.1.0
77 silly idealTree +-- glob@6.0.4
77 silly idealTree +-- global-dirs@0.1.1
77 silly idealTree +-- globals@11.12.0
77 silly idealTree +-- got@6.7.1
77 silly idealTree | `-- get-stream@3.0.0
77 silly idealTree +-- graceful-fs@4.2.2
77 silly idealTree +-- growl@1.10.5
77 silly idealTree +-- has-flag@3.0.0
77 silly idealTree +-- has-symbols@1.0.0
77 silly idealTree +-- has-unicode@2.0.1
77 silly idealTree +-- has-value@1.0.0
77 silly idealTree +-- has-values@1.0.0
77 silly idealTree | +-- is-buffer@1.1.6
77 silly idealTree | `-- kind-of@4.0.0
77 silly idealTree +-- has@1.0.3
77 silly idealTree +-- he@1.2.0
77 silly idealTree +-- http-errors@1.7.2
77 silly idealTree | `-- inherits@2.0.3
77 silly idealTree +-- iconv-lite@0.4.24
77 silly idealTree +-- ignore-by-default@1.0.1
77 silly idealTree +-- ignore@4.0.6
77 silly idealTree +-- import-fresh@3.1.0
77 silly idealTree +-- import-lazy@2.1.0
77 silly idealTree +-- imurmurhash@0.1.4
77 silly idealTree +-- inflight@1.0.6
77 silly idealTree +-- inherits@2.0.4
77 silly idealTree +-- ini@1.3.5
77 silly idealTree +-- inquirer@6.5.2
77 silly idealTree | +-- ansi-regex@3.0.0
77 silly idealTree | +-- is-fullwidth-code-point@2.0.0
77 silly idealTree | +-- string-width@2.1.1
77 silly idealTree | | `-- strip-ansi@4.0.0
77 silly idealTree | `-- strip-ansi@5.2.0
77 silly idealTree |   `-- ansi-regex@4.1.0
77 silly idealTree +-- invert-kv@1.0.0
77 silly idealTree +-- ipaddr.js@1.9.0
77 silly idealTree +-- is-accessor-descriptor@0.1.6
77 silly idealTree | +-- is-buffer@1.1.6
77 silly idealTree | `-- kind-of@3.2.2
77 silly idealTree +-- is-binary-path@1.0.1
77 silly idealTree +-- is-buffer@2.0.3
77 silly idealTree +-- is-callable@1.1.4
77 silly idealTree +-- is-ci@1.2.1
77 silly idealTree +-- is-data-descriptor@0.1.4
77 silly idealTree | +-- is-buffer@1.1.6
77 silly idealTree | `-- kind-of@3.2.2
77 silly idealTree +-- is-date-object@1.0.1
77 silly idealTree +-- is-descriptor@0.1.6
77 silly idealTree | `-- kind-of@5.1.0
77 silly idealTree +-- is-extendable@0.1.1
77 silly idealTree +-- is-extglob@2.1.1
77 silly idealTree +-- is-fullwidth-code-point@1.0.0
77 silly idealTree +-- is-glob@4.0.1
77 silly idealTree +-- is-installed-globally@0.1.0
77 silly idealTree +-- is-npm@1.0.0
77 silly idealTree +-- is-number@3.0.0
77 silly idealTree | +-- is-buffer@1.1.6
77 silly idealTree | `-- kind-of@3.2.2
77 silly idealTree +-- is-obj@1.0.1
77 silly idealTree +-- is-path-inside@1.0.1
77 silly idealTree +-- is-plain-object@2.0.4
77 silly idealTree +-- is-promise@2.1.0
77 silly idealTree +-- is-redirect@1.0.0
77 silly idealTree +-- is-regex@1.0.4
77 silly idealTree +-- is-retry-allowed@1.2.0
77 silly idealTree +-- is-stream@1.1.0
77 silly idealTree +-- is-symbol@1.0.2
77 silly idealTree +-- is-windows@1.0.2
77 silly idealTree +-- isarray@1.0.0
77 silly idealTree +-- isexe@2.0.0
77 silly idealTree +-- isobject@3.0.1
77 silly idealTree +-- jayson@3.1.1
77 silly idealTree +-- js-tokens@4.0.0
77 silly idealTree +-- js-yaml@3.13.1
77 silly idealTree +-- json-schema-traverse@0.4.1
77 silly idealTree +-- json-stable-stringify-without-jsonify@1.0.1
77 silly idealTree +-- json-stringify-safe@5.0.1
77 silly idealTree +-- jsonparse@1.3.1
77 silly idealTree +-- JSONStream@1.3.5
77 silly idealTree +-- jsonwebtoken@8.5.1
77 silly idealTree | +-- ms@2.1.2
77 silly idealTree | `-- semver@5.7.1
77 silly idealTree +-- jwa@1.4.1
77 silly idealTree +-- jws@3.2.2
77 silly idealTree +-- kind-of@6.0.2
77 silly idealTree +-- latest-version@3.1.0
77 silly idealTree +-- lcid@1.0.0
77 silly idealTree +-- levn@0.3.0
77 silly idealTree +-- locate-path@3.0.0
77 silly idealTree +-- lodash.includes@4.3.0
77 silly idealTree +-- lodash.isboolean@3.0.3
77 silly idealTree +-- lodash.isinteger@4.0.4
77 silly idealTree +-- lodash.isnumber@3.0.3
77 silly idealTree +-- lodash.isplainobject@4.0.6
77 silly idealTree +-- lodash.isstring@4.0.1
77 silly idealTree +-- lodash.once@4.1.1
77 silly idealTree +-- lodash@4.17.15
77 silly idealTree +-- log-symbols@2.2.0
77 silly idealTree +-- lowercase-keys@1.0.1
77 silly idealTree +-- lru-cache@4.1.5
77 silly idealTree +-- make-dir@1.3.0
77 silly idealTree +-- map-age-cleaner@0.1.3
77 silly idealTree +-- map-cache@0.2.2
77 silly idealTree +-- map-visit@1.0.0
77 silly idealTree +-- media-typer@0.3.0
77 silly idealTree +-- mem@4.3.0
77 silly idealTree | `-- mimic-fn@2.1.0
77 silly idealTree +-- merge-descriptors@1.0.1
77 silly idealTree +-- methods@1.1.2
77 silly idealTree +-- micromatch@3.1.10
77 silly idealTree +-- mime-db@1.40.0
77 silly idealTree +-- mime-types@2.1.24
77 silly idealTree +-- mime@1.6.0
77 silly idealTree +-- mimic-fn@1.2.0
77 silly idealTree +-- mimic-response@1.0.1
77 silly idealTree +-- minimatch@3.0.4
77 silly idealTree +-- minimist@0.0.8
77 silly idealTree +-- mixin-deep@1.3.2
77 silly idealTree | `-- is-extendable@1.0.1
77 silly idealTree +-- mkdirp@0.5.1
77 silly idealTree +-- mocha@6.2.0
77 silly idealTree | +-- ansi-regex@3.0.0
77 silly idealTree | +-- cliui@4.1.0
77 silly idealTree | | `-- string-width@2.1.1
77 silly idealTree | +-- debug@3.2.6
77 silly idealTree | +-- glob@7.1.3
77 silly idealTree | +-- invert-kv@2.0.0
77 silly idealTree | +-- is-fullwidth-code-point@2.0.0
77 silly idealTree | +-- lcid@2.0.0
77 silly idealTree | +-- ms@2.1.1
77 silly idealTree | +-- os-locale@3.1.0
77 silly idealTree | +-- string-width@3.1.0
77 silly idealTree | | +-- ansi-regex@4.1.0
77 silly idealTree | | `-- strip-ansi@5.2.0
77 silly idealTree | +-- strip-ansi@4.0.0
77 silly idealTree | +-- strip-json-comments@2.0.1
77 silly idealTree | +-- supports-color@6.0.0
77 silly idealTree | +-- y18n@4.0.0
77 silly idealTree | `-- yargs@13.2.2
77 silly idealTree +-- moment@2.24.0
77 silly idealTree +-- ms@2.0.0
77 silly idealTree +-- multi-hashing@0.0.4
77 silly idealTree +-- mute-stream@0.0.7
77 silly idealTree +-- mv@2.1.1
77 silly idealTree +-- nan@2.14.0
77 silly idealTree +-- nanomatch@1.2.13
77 silly idealTree +-- natural-compare@1.4.0
77 silly idealTree +-- nconf@0.10.0
77 silly idealTree +-- ncp@2.0.0
77 silly idealTree +-- negotiator@0.6.2
77 silly idealTree +-- nice-try@1.0.5
77 silly idealTree +-- node-abi@2.11.0
77 silly idealTree | `-- semver@5.7.1
77 silly idealTree +-- node-environment-flags@1.0.5
77 silly idealTree | `-- semver@5.7.1
77 silly idealTree +-- nodemon@1.19.2
77 silly idealTree | `-- semver@5.7.1
77 silly idealTree +-- noop-logger@0.1.1
77 silly idealTree +-- nopt@1.0.10
77 silly idealTree +-- normalize-path@3.0.0
77 silly idealTree +-- npm-run-path@2.0.2
77 silly idealTree +-- npmlog@4.1.2
77 silly idealTree +-- number-is-nan@1.0.1
77 silly idealTree +-- object-assign@4.1.1
77 silly idealTree +-- object-copy@0.1.0
77 silly idealTree | +-- define-property@0.2.5
77 silly idealTree | +-- is-buffer@1.1.6
77 silly idealTree | `-- kind-of@3.2.2
77 silly idealTree +-- object-inspect@1.6.0
77 silly idealTree +-- object-keys@1.1.1
77 silly idealTree +-- object-visit@1.0.1
77 silly idealTree +-- object.assign@4.1.0
77 silly idealTree +-- object.getownpropertydescriptors@2.0.3
77 silly idealTree +-- object.pick@1.3.0
77 silly idealTree +-- on-finished@2.3.0
77 silly idealTree +-- once@1.4.0
77 silly idealTree +-- onetime@2.0.1
77 silly idealTree +-- optionator@0.8.2
77 silly idealTree +-- os-homedir@1.0.2
77 silly idealTree +-- os-locale@1.4.0
77 silly idealTree +-- os-tmpdir@1.0.2
77 silly idealTree +-- p-defer@1.0.0
77 silly idealTree +-- p-finally@1.0.0
77 silly idealTree +-- p-is-promise@2.1.0
77 silly idealTree +-- p-limit@2.2.1
77 silly idealTree +-- p-locate@3.0.0
77 silly idealTree +-- p-try@2.2.0
77 silly idealTree +-- package-json@4.0.1
77 silly idealTree | `-- semver@5.7.1
77 silly idealTree +-- parent-module@1.0.1
77 silly idealTree +-- parseurl@1.3.3
77 silly idealTree +-- pascalcase@0.1.1
77 silly idealTree +-- path-dirname@1.0.2
77 silly idealTree +-- path-exists@3.0.0
77 silly idealTree +-- path-is-absolute@1.0.1
77 silly idealTree +-- path-is-inside@1.0.2
77 silly idealTree +-- path-key@2.0.1
77 silly idealTree +-- path-to-regexp@0.1.7
77 silly idealTree +-- path@0.12.7
77 silly idealTree +-- pathval@1.1.0
77 silly idealTree +-- pify@3.0.0
77 silly idealTree +-- posix-character-classes@0.1.1
77 silly idealTree +-- prebuild-install@4.0.0
77 silly idealTree | +-- minimist@1.2.0
77 silly idealTree | `-- pump@2.0.1
77 silly idealTree +-- prelude-ls@1.1.2
77 silly idealTree +-- prepend-http@1.0.4
77 silly idealTree +-- process-nextick-args@2.0.1
77 silly idealTree +-- process@0.11.10
77 silly idealTree +-- progress@2.0.3
77 silly idealTree +-- promise-redis@0.0.5
77 silly idealTree +-- proxy-addr@2.0.5
77 silly idealTree +-- pseudomap@1.0.2
77 silly idealTree +-- pstree.remy@1.1.7
77 silly idealTree +-- pump@3.0.0
77 silly idealTree +-- punycode@2.1.1
77 silly idealTree +-- qs@6.7.0
77 silly idealTree +-- querystringify@2.1.1
77 silly idealTree +-- range-parser@1.2.1
77 silly idealTree +-- raw-body@2.4.0
77 silly idealTree +-- rc@1.2.8
77 silly idealTree | +-- minimist@1.2.0
77 silly idealTree | `-- strip-json-comments@2.0.1
77 silly idealTree +-- readable-stream@2.3.6
77 silly idealTree | `-- safe-buffer@5.1.2
77 silly idealTree +-- readdirp@2.2.1
77 silly idealTree +-- redis-commands@1.5.0
77 silly idealTree +-- redis-parser@2.6.0
77 silly idealTree +-- redis@2.8.0
77 silly idealTree +-- regex-not@1.0.2
77 silly idealTree +-- regexpp@2.0.1
77 silly idealTree +-- registry-auth-token@3.4.0
77 silly idealTree +-- registry-url@3.1.0
77 silly idealTree +-- remove-trailing-separator@1.1.0
77 silly idealTree +-- repeat-element@1.1.3
77 silly idealTree +-- repeat-string@1.6.1
77 silly idealTree +-- require-directory@2.1.1
77 silly idealTree +-- require-main-filename@2.0.0
77 silly idealTree +-- requires-port@1.0.0
77 silly idealTree +-- resolve-from@4.0.0
77 silly idealTree +-- resolve-url@0.2.1
77 silly idealTree +-- restore-cursor@2.0.0
77 silly idealTree +-- ret@0.1.15
77 silly idealTree +-- rimraf@2.4.5
77 silly idealTree +-- run-async@2.3.0
77 silly idealTree +-- rxjs@6.5.3
77 silly idealTree +-- safe-buffer@5.2.0
77 silly idealTree +-- safe-json-stringify@1.2.0
77 silly idealTree +-- safe-regex@1.1.0
77 silly idealTree +-- safer-buffer@2.1.2
77 silly idealTree +-- secure-keys@1.0.0
77 silly idealTree +-- semver-diff@2.1.0
77 silly idealTree | `-- semver@5.7.1
77 silly idealTree +-- semver@6.3.0
77 silly idealTree +-- send@0.17.1
77 silly idealTree | +-- debug@2.6.9
77 silly idealTree | | `-- ms@2.0.0
77 silly idealTree | `-- ms@2.1.1
77 silly idealTree +-- serve-static@1.14.1
77 silly idealTree +-- set-blocking@2.0.0
77 silly idealTree +-- set-value@2.0.1
77 silly idealTree | `-- extend-shallow@2.0.1
77 silly idealTree +-- setprototypeof@1.1.1
77 silly idealTree +-- shebang-command@1.2.0
77 silly idealTree +-- shebang-regex@1.0.0
77 silly idealTree +-- signal-exit@3.0.2
77 silly idealTree +-- simple-concat@1.0.0
77 silly idealTree +-- simple-get@2.8.1
77 silly idealTree +-- slice-ansi@2.1.0
77 silly idealTree | `-- is-fullwidth-code-point@2.0.0
77 silly idealTree +-- snapdragon-node@2.1.1
77 silly idealTree | +-- define-property@1.0.0
77 silly idealTree | +-- is-accessor-descriptor@1.0.0
77 silly idealTree | +-- is-data-descriptor@1.0.0
77 silly idealTree | `-- is-descriptor@1.0.2
77 silly idealTree +-- snapdragon-util@3.0.1
77 silly idealTree | +-- is-buffer@1.1.6
77 silly idealTree | `-- kind-of@3.2.2
77 silly idealTree +-- snapdragon@0.8.2
77 silly idealTree | +-- debug@2.6.9
77 silly idealTree | +-- define-property@0.2.5
77 silly idealTree | `-- extend-shallow@2.0.1
77 silly idealTree +-- source-map-resolve@0.5.2
77 silly idealTree +-- source-map-url@0.4.0
77 silly idealTree +-- source-map@0.5.7
77 silly idealTree +-- split-string@3.1.0
77 silly idealTree +-- sprintf-js@1.0.3
77 silly idealTree +-- static-extend@0.1.2
77 silly idealTree | `-- define-property@0.2.5
77 silly idealTree +-- statuses@1.5.0
77 silly idealTree +-- string_decoder@1.1.1
77 silly idealTree | `-- safe-buffer@5.1.2
77 silly idealTree +-- string-width@1.0.2
77 silly idealTree +-- string.prototype.trimleft@2.1.0
77 silly idealTree +-- string.prototype.trimright@2.1.0
77 silly idealTree +-- strip-ansi@3.0.1
77 silly idealTree +-- strip-eof@1.0.0
77 silly idealTree +-- strip-json-comments@3.0.1
77 silly idealTree +-- supports-color@5.5.0
77 silly idealTree +-- table@5.4.6
77 silly idealTree | +-- ansi-regex@4.1.0
77 silly idealTree | +-- is-fullwidth-code-point@2.0.0
77 silly idealTree | +-- string-width@3.1.0
77 silly idealTree | `-- strip-ansi@5.2.0
77 silly idealTree +-- tar-fs@1.16.3
77 silly idealTree | `-- pump@1.0.3
77 silly idealTree +-- tar-stream@1.6.2
77 silly idealTree +-- term-size@1.2.0
77 silly idealTree | +-- cross-spawn@5.1.0
77 silly idealTree | +-- execa@0.7.0
77 silly idealTree | `-- get-stream@3.0.0
77 silly idealTree +-- text-table@0.2.0
77 silly idealTree +-- through@2.3.8
77 silly idealTree +-- timed-out@4.0.1
77 silly idealTree +-- tmp@0.0.33
77 silly idealTree +-- to-buffer@1.1.1
77 silly idealTree +-- to-object-path@0.3.0
77 silly idealTree | +-- is-buffer@1.1.6
77 silly idealTree | `-- kind-of@3.2.2
77 silly idealTree +-- to-regex-range@2.1.1
77 silly idealTree +-- to-regex@3.0.2
77 silly idealTree +-- toidentifier@1.0.0
77 silly idealTree +-- touch@3.1.0
77 silly idealTree +-- tslib@1.10.0
77 silly idealTree +-- tunnel-agent@0.6.0
77 silly idealTree +-- type-check@0.3.2
77 silly idealTree +-- type-detect@4.0.8
77 silly idealTree +-- type-is@1.6.18
77 silly idealTree +-- undefsafe@2.0.2
77 silly idealTree | `-- debug@2.6.9
77 silly idealTree +-- union-value@1.0.1
77 silly idealTree +-- unique-string@1.0.0
77 silly idealTree +-- unpipe@1.0.0
77 silly idealTree +-- unset-value@1.0.0
77 silly idealTree | +-- has-value@0.3.1
77 silly idealTree | | `-- isobject@2.1.0
77 silly idealTree | `-- has-values@0.1.4
77 silly idealTree +-- unzip-response@2.0.1
77 silly idealTree +-- upath@1.2.0
77 silly idealTree +-- update-notifier@2.5.0
77 silly idealTree +-- uri-js@4.2.2
77 silly idealTree +-- urix@0.1.0
77 silly idealTree +-- url-parse-lax@1.0.0
77 silly idealTree +-- url-parse@1.4.7
77 silly idealTree +-- use@3.1.1
77 silly idealTree +-- util-deprecate@1.0.2
77 silly idealTree +-- util@0.10.4
77 silly idealTree | `-- inherits@2.0.3
77 silly idealTree +-- utils-merge@1.0.1
77 silly idealTree +-- uuid@3.3.3
77 silly idealTree +-- v8-compile-cache@2.1.0
77 silly idealTree +-- vary@1.1.2
77 silly idealTree +-- which-module@2.0.0
77 silly idealTree +-- which-pm-runs@1.0.0
77 silly idealTree +-- which@1.3.1
77 silly idealTree +-- wide-align@1.1.3
77 silly idealTree +-- widest-line@2.0.1
77 silly idealTree | +-- ansi-regex@3.0.0
77 silly idealTree | +-- is-fullwidth-code-point@2.0.0
77 silly idealTree | +-- string-width@2.1.1
77 silly idealTree | `-- strip-ansi@4.0.0
77 silly idealTree +-- window-size@0.1.4
77 silly idealTree +-- wordwrap@1.0.0
77 silly idealTree +-- wrap-ansi@2.1.0
77 silly idealTree +-- wrappy@1.0.2
77 silly idealTree +-- write-file-atomic@2.4.3
77 silly idealTree +-- write@1.0.3
77 silly idealTree +-- xdg-basedir@3.0.0
77 silly idealTree +-- xtend@4.0.2
77 silly idealTree +-- y18n@3.2.1
77 silly idealTree +-- yallist@2.1.2
77 silly idealTree +-- yargs-parser@13.0.0
77 silly idealTree | `-- camelcase@5.3.1
77 silly idealTree +-- yargs-unparser@1.5.0
77 silly idealTree | +-- ansi-regex@3.0.0
77 silly idealTree | +-- camelcase@5.3.1
77 silly idealTree | +-- cliui@4.1.0
77 silly idealTree | +-- get-caller-file@1.0.3
77 silly idealTree | +-- invert-kv@2.0.0
77 silly idealTree | +-- is-fullwidth-code-point@2.0.0
77 silly idealTree | +-- lcid@2.0.0
77 silly idealTree | +-- os-locale@3.1.0
77 silly idealTree | +-- require-main-filename@1.0.1
77 silly idealTree | +-- string-width@2.1.1
77 silly idealTree | +-- strip-ansi@4.0.0
77 silly idealTree | +-- yargs-parser@11.1.1
77 silly idealTree | `-- yargs@12.0.5
77 silly idealTree `-- yargs@3.32.0
78 silly generateActionsToTake Starting
79 silly install generateActionsToTake
80 silly generateActionsToTake Finishing
81 silly diffTrees action count 1
82 silly diffTrees add multi-hashing@0.0.4
83 silly decomposeActions action count 8
84 silly decomposeActions fetch multi-hashing@0.0.4
85 silly decomposeActions extract multi-hashing@0.0.4
86 silly decomposeActions test multi-hashing@0.0.4
87 silly decomposeActions preinstall multi-hashing@0.0.4
88 silly decomposeActions build multi-hashing@0.0.4
89 silly decomposeActions install multi-hashing@0.0.4
90 silly decomposeActions postinstall multi-hashing@0.0.4
91 silly decomposeActions finalize multi-hashing@0.0.4
92 silly executeActions Starting
93 silly install executeActions
94 silly doSerial global-install 0
95 silly doParallel fetch 1
96 verbose lock using /root/.npm/_locks/staging-af89dff005e44f9e.lock for /usr/src/app/node_modules/.staging
97 silly doParallel extract 1
98 silly extract multi-hashing@0.0.4
99 verbose unbuild node_modules/.staging/multi-hashing-c7d3197b
100 silly gentlyRm /usr/src/app/node_modules/.staging/multi-hashing-c7d3197b is being purged from base /usr/src/app
101 verbose gentlyRm don't care about contents; nuking /usr/src/app/node_modules/.staging/multi-hashing-c7d3197b
102 verbose tar unpack /root/.npm/multi-hashing/0.0.4/package.tgz
103 verbose tar unpacking to /usr/src/app/node_modules/.staging/multi-hashing-c7d3197b
104 silly gentlyRm /usr/src/app/node_modules/.staging/multi-hashing-c7d3197b is being purged
105 verbose gentlyRm don't care about contents; nuking /usr/src/app/node_modules/.staging/multi-hashing-c7d3197b
106 silly gunzTarPerm modes [ '755', '644' ]
107 silly gunzTarPerm extractEntry package.json
108 silly gunzTarPerm extractEntry README.md
109 silly gunzTarPerm extractEntry index.js
110 silly gunzTarPerm extractEntry binding.gyp
111 silly gunzTarPerm extractEntry x11.h
112 silly gunzTarPerm extractEntry keccak.c
113 silly gunzTarPerm extractEntry keccak.h
114 silly gunzTarPerm extractEntry multihashing.cc
115 silly gunzTarPerm extractEntry bcrypt.h
116 silly gunzTarPerm extractEntry quark.c
117 silly gunzTarPerm extractEntry quark.h
118 silly gunzTarPerm extractEntry scrypt.c
119 silly gunzTarPerm extractEntry bcrypt.c
120 silly gunzTarPerm extractEntry scryptjane/scrypt-jane-mix_salsa-sse2.h
121 silly gunzTarPerm extractEntry scryptjane/scrypt-jane-chacha.h
122 silly gunzTarPerm extractEntry scryptjane/scrypt-jane-hash_keccak.h
123 silly gunzTarPerm extractEntry scryptjane/scrypt-jane-hash_sha256.h
124 silly gunzTarPerm extractEntry scryptjane/scrypt-jane-mix_chacha-avx.h
125 silly gunzTarPerm extractEntry scryptjane/scrypt-jane-mix_chacha-sse2.h
126 silly gunzTarPerm extractEntry scryptjane/scrypt-jane-mix_chacha-ssse3.h
127 silly gunzTarPerm extractEntry scryptjane/scrypt-jane-mix_chacha.h
128 silly gunzTarPerm extractEntry scryptjane/scrypt-jane-mix_salsa-avx.h
129 silly gunzTarPerm extractEntry scryptjane/scrypt-jane-hash.h
130 silly gunzTarPerm extractEntry scryptjane/scrypt-jane-mix_salsa.h
131 silly gunzTarPerm extractEntry scryptjane/scrypt-jane-pbkdf2.h
132 silly gunzTarPerm extractEntry scryptjane/scrypt-jane-portable-x86.h
133 silly gunzTarPerm extractEntry scryptjane/scrypt-jane-portable.h
134 silly gunzTarPerm extractEntry scryptjane/scrypt-jane-romix-basic.h
135 silly gunzTarPerm extractEntry scryptjane/scrypt-jane-romix-template.h
136 silly gunzTarPerm extractEntry scryptjane/scrypt-jane-romix.h
137 silly gunzTarPerm extractEntry scryptjane/scrypt-jane-salsa.h
138 silly gunzTarPerm extractEntry scryptjane/scrypt-jane-test-vectors.h
139 silly gunzTarPerm extractEntry scryptjane.c
140 silly gunzTarPerm extractEntry scryptjane.h
141 silly gunzTarPerm extractEntry scryptn.c
142 silly gunzTarPerm extractEntry scryptn.h
143 silly gunzTarPerm extractEntry sha3/sph_blake.h
144 silly gunzTarPerm extractEntry sha3/aes_helper.c
145 silly gunzTarPerm extractEntry sha3/bmw.c
146 silly gunzTarPerm extractEntry sha3/cubehash.c
147 silly gunzTarPerm extractEntry sha3/echo.c
148 silly gunzTarPerm extractEntry sha3/groestl.c
149 silly gunzTarPerm extractEntry sha3/jh.c
150 silly gunzTarPerm extractEntry sha3/keccak.c
151 silly gunzTarPerm extractEntry sha3/luffa.c
152 silly gunzTarPerm extractEntry sha3/shavite.c
153 silly gunzTarPerm extractEntry sha3/simd.c
154 silly gunzTarPerm extractEntry sha3/skein.c
155 silly gunzTarPerm extractEntry sha3/blake.c
156 silly gunzTarPerm extractEntry sha3/sph_bmw.h
157 silly gunzTarPerm extractEntry sha3/sph_cubehash.h
158 silly gunzTarPerm extractEntry sha3/sph_echo.h
159 silly gunzTarPerm extractEntry sha3/sph_groestl.h
160 silly gunzTarPerm extractEntry sha3/sph_jh.h
161 silly gunzTarPerm extractEntry sha3/sph_keccak.h
162 silly gunzTarPerm extractEntry sha3/sph_luffa.h
163 silly gunzTarPerm extractEntry sha3/sph_shavite.h
164 silly gunzTarPerm extractEntry sha3/sph_simd.h
165 silly gunzTarPerm extractEntry sha3/sph_skein.h
166 silly gunzTarPerm extractEntry sha3/sph_types.h
167 silly gunzTarPerm extractEntry skein.c
168 silly gunzTarPerm extractEntry skein.h
169 silly gunzTarPerm extractEntry stdint.h
170 silly gunzTarPerm extractEntry x11.c
171 silly gunzTarPerm extractEntry scrypt.h
172 silly gentlyRm /usr/src/app/node_modules/.staging/multi-hashing-c7d3197b/node_modules is being purged
173 verbose gentlyRm don't care about contents; nuking /usr/src/app/node_modules/.staging/multi-hashing-c7d3197b/node_modules
174 silly doParallel preinstall 1
175 silly preinstall multi-hashing@0.0.4 /usr/src/app/node_modules/.staging/multi-hashing-c7d3197b
176 info lifecycle multi-hashing@0.0.4~preinstall: multi-hashing@0.0.4
177 silly lifecycle multi-hashing@0.0.4~preinstall: no script for preinstall, continuing
178 silly doReverseSerial remove 0
179 silly doSerial move 0
180 silly doSerial finalize 1
181 silly finalize /usr/src/app/node_modules/multi-hashing
182 silly doSerial build 1
183 silly build multi-hashing@0.0.4
184 info linkStuff multi-hashing@0.0.4
185 silly linkStuff multi-hashing@0.0.4 has /usr/src/app/node_modules as its parent node_modules
186 verbose linkBins multi-hashing@0.0.4
187 verbose linkMans multi-hashing@0.0.4
188 silly doSerial global-link 0
189 silly doParallel update-linked 0
190 silly doSerial install 1
191 silly install multi-hashing@0.0.4 /usr/src/app/node_modules/.staging/multi-hashing-c7d3197b
192 info lifecycle multi-hashing@0.0.4~install: multi-hashing@0.0.4
193 verbose lifecycle multi-hashing@0.0.4~install: unsafe-perm in lifecycle false
194 verbose lifecycle multi-hashing@0.0.4~install: PATH: /usr/share/npm/bin/node-gyp-bin:/usr/src/app/node_modules/multi-hashing/node_modules/.bin:/usr/src/app/node_modules/.bin:/usr/local/sbin:/usr/local/bin:/usr/sbin:/usr/bin:/sbin:/bin
195 verbose lifecycle multi-hashing@0.0.4~install: CWD: /usr/src/app/node_modules/multi-hashing
196 silly lifecycle multi-hashing@0.0.4~install: Args: [ '-c', 'node-gyp rebuild' ]
197 silly lifecycle multi-hashing@0.0.4~install: Returned: code: 1  signal: null
198 info lifecycle multi-hashing@0.0.4~install: Failed to exec install script
199 verbose unlock done using /root/.npm/_locks/staging-af89dff005e44f9e.lock for /usr/src/app/node_modules/.staging
200 silly rollbackFailedOptional Starting
201 silly rollbackFailedOptional Finishing
202 silly runTopLevelLifecycles Starting
203 silly runTopLevelLifecycles Finishing
204 silly install printInstalled
205 warn optional Skipping failed optional dependency /chokidar/fsevents:
206 warn notsup Not compatible with your operating system or architecture: fsevents@1.2.9
207 verbose stack Error: multi-hashing@0.0.4 install: `node-gyp rebuild`
207 verbose stack Exit status 1
207 verbose stack     at EventEmitter.<anonymous> (/usr/share/npm/lib/utils/lifecycle.js:232:16)
207 verbose stack     at emitTwo (events.js:126:13)
207 verbose stack     at EventEmitter.emit (events.js:214:7)
207 verbose stack     at ChildProcess.<anonymous> (/usr/share/npm/lib/utils/spawn.js:24:14)
207 verbose stack     at emitTwo (events.js:126:13)
207 verbose stack     at ChildProcess.emit (events.js:214:7)
207 verbose stack     at maybeClose (internal/child_process.js:925:16)
207 verbose stack     at Process.ChildProcess._handle.onexit (internal/child_process.js:209:5)
208 verbose pkgid multi-hashing@0.0.4
209 verbose cwd /usr/src/app
210 error Linux 4.9.125-linuxkit
211 error argv "/usr/bin/node" "/usr/bin/npm" "install" "--save" "multi-hashing"
212 error node v8.10.0
213 error npm  v3.5.2
214 error code ELIFECYCLE
215 error multi-hashing@0.0.4 install: `node-gyp rebuild`
215 error Exit status 1
216 error Failed at the multi-hashing@0.0.4 install script 'node-gyp rebuild'.
216 error Make sure you have the latest version of node.js and npm installed.
216 error If you do, this is most likely a problem with the multi-hashing package,
216 error not with npm itself.
216 error Tell the author that this fails on your system:
216 error     node-gyp rebuild
216 error You can get information on how to open an issue for this project with:
216 error     npm bugs multi-hashing
216 error Or if that isn't available, you can get their info via:
216 error     npm owner ls multi-hashing
216 error There is likely additional logging output above.
217 verbose exit [ 1, true ]
